-- The C compiler identification is GNU 13.3.0
-- The CXX compiler identification is GNU 13.3.0
-- Detecting C compiler ABI info
-- Detecting C compiler ABI info - done
-- Check for working C compiler: /usr/bin/cc - skipped
-- Detecting C compile features
-- Detecting C compile features - done
-- Detecting CXX compiler ABI info
-- Detecting CXX compiler ABI info - done
-- Check for working CXX compiler: /usr/bin/c++ - skipped
-- Detecting CXX compile features
-- Detecting CXX compile features - done
-- Found ament_cmake: 2.5.4 (/opt/ros/jazzy/share/ament_cmake/cmake)
-- Found Python3: /usr/bin/python3 (found version "3.12.3") found components: Interpreter 
-- Found rosidl_default_generators: 1.6.0 (/opt/ros/jazzy/share/rosidl_default_generators/cmake)
-- Using all available rosidl_typesupport_c: rosidl_typesupport_fastrtps_c;rosidl_typesupport_introspection_c
-- Using all available rosidl_typesupport_cpp: rosidl_typesupport_fastrtps_cpp;rosidl_typesupport_introspection_cpp
-- Found rosidl_adapter: 4.6.6 (/opt/ros/jazzy/share/rosidl_adapter/cmake)
-- Found builtin_interfaces: 2.0.3 (/opt/ros/jazzy/share/builtin_interfaces/cmake)
-- Found ament_cmake_ros: 0.12.0 (/opt/ros/jazzy/share/ament_cmake_ros/cmake)
-- Using all available rosidl_typesupport_c: rosidl_typesupport_fastrtps_c;rosidl_typesupport_introspection_c
-- Using all available rosidl_typesupport_cpp: rosidl_typesupport_fastrtps_cpp;rosidl_typesupport_introspection_cpp
-- Found python_cmake_module: 0.11.1 (/opt/ros/jazzy/share/python_cmake_module/cmake)
-- Found PythonExtra: /usr/bin/python3  
-- Found Python3: /usr/bin/python3 (found version "3.12.3") found components: Interpreter Development NumPy Development.Module Development.Embed 
-- Found ament_lint_auto: 0.17.3 (/opt/ros/jazzy/share/ament_lint_auto/cmake)
-- Added test 'lint_cmake' to check CMake code style
-- Added test 'xmllint' to check XML markup files
-- Configuring done (11.9s)
-- Generating done (0.2s)
-- Build files have been written to: /workspaces/Dark_Circle/build/pipeline_interfaces
[  2%] [34m[1mGenerating type hashes for ROS interfaces[0m
[  2%] Built target ament_cmake_python_copy_pipeline_interfaces
[  2%] Built target pipeline_interfaces__rosidl_generator_type_description
running egg_info
creating pipeline_interfaces.egg-info
writing pipeline_interfaces.egg-info/PKG-INFO
writing dependency_links to pipeline_interfaces.egg-info/dependency_links.txt
writing top-level names to pipeline_interfaces.egg-info/top_level.txt
writing manifest file 'pipeline_interfaces.egg-info/SOURCES.txt'
reading manifest file 'pipeline_interfaces.egg-info/SOURCES.txt'
writing manifest file 'pipeline_interfaces.egg-info/SOURCES.txt'
[  4%] [34m[1mGenerating C code for ROS interfaces[0m
[  4%] Built target ament_cmake_python_build_pipeline_interfaces_egg
[  6%] [34m[1mGenerating C++ code for ROS interfaces[0m
[  6%] Built target pipeline_interfaces__cpp
[ 11%] [32mBuilding C object CMakeFiles/pipeline_interfaces__rosidl_generator_c.dir/rosidl_generator_c/pipeline_interfaces/msg/detail/raw_sensor_reading__functions.c.o[0m
[ 11%] [32mBuilding C object CMakeFiles/pipeline_interfaces__rosidl_generator_c.dir/rosidl_generator_c/pipeline_interfaces/msg/detail/sensor_data_window__description.c.o[0m
[ 13%] [32mBuilding C object CMakeFiles/pipeline_interfaces__rosidl_generator_c.dir/rosidl_generator_c/pipeline_interfaces/msg/detail/sensor_data_window__type_support.c.o[0m
[ 18%] [32mBuilding C object CMakeFiles/pipeline_interfaces__rosidl_generator_c.dir/rosidl_generator_c/pipeline_interfaces/msg/detail/raw_sensor_reading__type_support.c.o[0m
[ 18%] [32mBuilding C object CMakeFiles/pipeline_interfaces__rosidl_generator_c.dir/rosidl_generator_c/pipeline_interfaces/msg/detail/raw_sensor_reading__description.c.o[0m
[ 20%] [32mBuilding C object CMakeFiles/pipeline_interfaces__rosidl_generator_c.dir/rosidl_generator_c/pipeline_interfaces/msg/detail/sensor_data_window__functions.c.o[0m
[ 22%] [32m[1mLinking C shared library libpipeline_interfaces__rosidl_generator_c.so[0m
[ 22%] Built target pipeline_interfaces__rosidl_generator_c
[ 29%] [34m[1mGenerating C introspection for ROS interfaces[0m
[ 29%] [34m[1mGenerating C type support for eProsima Fast-RTPS[0m
[ 29%] [34m[1mGenerating C++ type support dispatch for ROS interfaces[0m
[ 31%] [34m[1mGenerating C++ type support for eProsima Fast-RTPS[0m
[ 34%] [34m[1mGenerating C type support dispatch for ROS interfaces[0m
[ 36%] [34m[1mGenerating C++ introspection for ROS interfaces[0m
[ 38%] [32mBuilding CXX object CMakeFiles/pipeline_interfaces__rosidl_typesupport_c.dir/rosidl_typesupport_c/pipeline_interfaces/msg/raw_sensor_reading__type_support.cpp.o[0m
[ 40%] [32mBuilding CXX object CMakeFiles/pipeline_interfaces__rosidl_typesupport_c.dir/rosidl_typesupport_c/pipeline_interfaces/msg/sensor_data_window__type_support.cpp.o[0m
[ 43%] [32mBuilding CXX object CMakeFiles/pipeline_interfaces__rosidl_typesupport_cpp.dir/rosidl_typesupport_cpp/pipeline_interfaces/msg/raw_sensor_reading__type_support.cpp.o[0m
[ 45%] [32mBuilding CXX object CMakeFiles/pipeline_interfaces__rosidl_typesupport_cpp.dir/rosidl_typesupport_cpp/pipeline_interfaces/msg/sensor_data_window__type_support.cpp.o[0m
[ 50%] [32mBuilding CXX object CMakeFiles/pipeline_interfaces__rosidl_typesupport_introspection_cpp.dir/rosidl_typesupport_introspection_cpp/pipeline_interfaces/msg/detail/sensor_data_window__type_support.cpp.o[0m
[ 54%] [32mBuilding C object CMakeFiles/pipeline_interfaces__rosidl_typesupport_introspection_c.dir/rosidl_typesupport_introspection_c/pipeline_interfaces/msg/detail/sensor_data_window__type_support.c.o[0m
[ 54%] [32mBuilding C object CMakeFiles/pipeline_interfaces__rosidl_typesupport_introspection_c.dir/rosidl_typesupport_introspection_c/pipeline_interfaces/msg/detail/raw_sensor_reading__type_support.c.o[0m
[ 54%] [32mBuilding CXX object CMakeFiles/pipeline_interfaces__rosidl_typesupport_introspection_cpp.dir/rosidl_typesupport_introspection_cpp/pipeline_interfaces/msg/detail/raw_sensor_reading__type_support.cpp.o[0m
[ 59%] [32mBuilding CXX object CMakeFiles/pipeline_interfaces__rosidl_typesupport_fastrtps_c.dir/rosidl_typesupport_fastrtps_c/pipeline_interfaces/msg/detail/raw_sensor_reading__type_support_c.cpp.o[0m
[ 59%] [32mBuilding CXX object CMakeFiles/pipeline_interfaces__rosidl_typesupport_fastrtps_c.dir/rosidl_typesupport_fastrtps_c/pipeline_interfaces/msg/detail/sensor_data_window__type_support_c.cpp.o[0m
[ 61%] [32mBuilding CXX object CMakeFiles/pipeline_interfaces__rosidl_typesupport_fastrtps_cpp.dir/rosidl_typesupport_fastrtps_cpp/pipeline_interfaces/msg/detail/dds_fastrtps/sensor_data_window__type_support.cpp.o[0m
[ 63%] [32mBuilding CXX object CMakeFiles/pipeline_interfaces__rosidl_typesupport_fastrtps_cpp.dir/rosidl_typesupport_fastrtps_cpp/pipeline_interfaces/msg/detail/dds_fastrtps/raw_sensor_reading__type_support.cpp.o[0m
[ 65%] [32m[1mLinking CXX shared library libpipeline_interfaces__rosidl_typesupport_c.so[0m
[ 68%] [32m[1mLinking C shared library libpipeline_interfaces__rosidl_typesupport_introspection_c.so[0m
[ 68%] Built target pipeline_interfaces__rosidl_typesupport_c
[ 68%] Built target pipeline_interfaces__rosidl_typesupport_introspection_c
[ 70%] [32m[1mLinking CXX shared library libpipeline_interfaces__rosidl_typesupport_cpp.so[0m
[ 72%] [32m[1mLinking CXX shared library libpipeline_interfaces__rosidl_typesupport_introspection_cpp.so[0m
[ 75%] [32m[1mLinking CXX shared library libpipeline_interfaces__rosidl_typesupport_fastrtps_c.so[0m
[ 75%] Built target pipeline_interfaces__rosidl_typesupport_cpp
[ 77%] [32m[1mLinking CXX shared library libpipeline_interfaces__rosidl_typesupport_fastrtps_cpp.so[0m
[ 77%] Built target pipeline_interfaces__rosidl_typesupport_introspection_cpp
[ 77%] Built target pipeline_interfaces__rosidl_typesupport_fastrtps_c
[ 77%] Built target pipeline_interfaces__rosidl_typesupport_fastrtps_cpp
[ 77%] Built target pipeline_interfaces
[ 79%] [34m[1mGenerating Python code for ROS interfaces[0m
[ 79%] Built target pipeline_interfaces__py
[ 84%] [32mBuilding C object CMakeFiles/pipeline_interfaces__rosidl_generator_py.dir/rosidl_generator_py/pipeline_interfaces/msg/_raw_sensor_reading_s.c.o[0m
[ 84%] [32mBuilding C object CMakeFiles/pipeline_interfaces__rosidl_generator_py.dir/rosidl_generator_py/pipeline_interfaces/msg/_sensor_data_window_s.c.o[0m
[ 86%] [32m[1mLinking C shared library libpipeline_interfaces__rosidl_generator_py.so[0m
[ 86%] Built target pipeline_interfaces__rosidl_generator_py
[ 90%] [32mBuilding C object CMakeFiles/pipeline_interfaces_s__rosidl_typesupport_fastrtps_c.dir/rosidl_generator_py/pipeline_interfaces/_pipeline_interfaces_s.ep.rosidl_typesupport_fastrtps_c.c.o[0m
[ 90%] [32mBuilding C object CMakeFiles/pipeline_interfaces_s__rosidl_typesupport_c.dir/rosidl_generator_py/pipeline_interfaces/_pipeline_interfaces_s.ep.rosidl_typesupport_c.c.o[0m
[ 93%] [32mBuilding C object CMakeFiles/pipeline_interfaces_s__rosidl_typesupport_introspection_c.dir/rosidl_generator_py/pipeline_interfaces/_pipeline_interfaces_s.ep.rosidl_typesupport_introspection_c.c.o[0m
[ 95%] [32m[1mLinking C shared module rosidl_generator_py/pipeline_interfaces/pipeline_interfaces_s__rosidl_typesupport_c.so[0m
[100%] [32m[1mLinking C shared module rosidl_generator_py/pipeline_interfaces/pipeline_interfaces_s__rosidl_typesupport_introspection_c.so[0m
[100%] [32m[1mLinking C shared module rosidl_generator_py/pipeline_interfaces/pipeline_interfaces_s__rosidl_typesupport_fastrtps_c.so[0m
[100%] Built target pipeline_interfaces_s__rosidl_typesupport_c
[100%] Built target pipeline_interfaces_s__rosidl_typesupport_fastrtps_c
[100%] Built target pipeline_interfaces_s__rosidl_typesupport_introspection_c
-- Install configuration: ""
-- Installing: /workspaces/Dark_Circle/install/pipeline_interfaces/share/ament_index/resource_index/rosidl_interfaces/pipeline_interfaces
-- Installing: /workspaces/Dark_Circle/install/pipeline_interfaces/share/pipeline_interfaces/msg/RawSensorReading.json
-- Installing: /workspaces/Dark_Circle/install/pipeline_interfaces/share/pipeline_interfaces/msg/SensorDataWindow.json
-- Installing: /workspaces/Dark_Circle/install/pipeline_interfaces/include/pipeline_interfaces/pipeline_interfaces
-- Installing: /workspaces/Dark_Circle/install/pipeline_interfaces/include/pipeline_interfaces/pipeline_interfaces/msg
-- Installing: /workspaces/Dark_Circle/install/pipeline_interfaces/include/pipeline_interfaces/pipeline_interfaces/msg/rosidl_generator_c__visibility_control.h
-- Installing: /workspaces/Dark_Circle/install/pipeline_interfaces/include/pipeline_interfaces/pipeline_interfaces/msg/detail
-- Installing: /workspaces/Dark_Circle/install/pipeline_interfaces/include/pipeline_interfaces/pipeline_interfaces/msg/detail/raw_sensor_reading__struct.h
-- Installing: /workspaces/Dark_Circle/install/pipeline_interfaces/include/pipeline_interfaces/pipeline_interfaces/msg/detail/sensor_data_window__description.c
-- Installing: /workspaces/Dark_Circle/install/pipeline_interfaces/include/pipeline_interfaces/pipeline_interfaces/msg/detail/sensor_data_window__type_support.c
-- Installing: /workspaces/Dark_Circle/install/pipeline_interfaces/include/pipeline_interfaces/pipeline_interfaces/msg/detail/raw_sensor_reading__description.c
-- Installing: /workspaces/Dark_Circle/install/pipeline_interfaces/include/pipeline_interfaces/pipeline_interfaces/msg/detail/raw_sensor_reading__type_support.h
-- Installing: /workspaces/Dark_Circle/install/pipeline_interfaces/include/pipeline_interfaces/pipeline_interfaces/msg/detail/raw_sensor_reading__functions.c
-- Installing: /workspaces/Dark_Circle/install/pipeline_interfaces/include/pipeline_interfaces/pipeline_interfaces/msg/detail/sensor_data_window__functions.h
-- Installing: /workspaces/Dark_Circle/install/pipeline_interfaces/include/pipeline_interfaces/pipeline_interfaces/msg/detail/sensor_data_window__type_support.h
-- Installing: /workspaces/Dark_Circle/install/pipeline_interfaces/include/pipeline_interfaces/pipeline_interfaces/msg/detail/sensor_data_window__struct.h
-- Installing: /workspaces/Dark_Circle/install/pipeline_interfaces/include/pipeline_interfaces/pipeline_interfaces/msg/detail/raw_sensor_reading__functions.h
-- Installing: /workspaces/Dark_Circle/install/pipeline_interfaces/include/pipeline_interfaces/pipeline_interfaces/msg/detail/raw_sensor_reading__type_support.c
-- Installing: /workspaces/Dark_Circle/install/pipeline_interfaces/include/pipeline_interfaces/pipeline_interfaces/msg/detail/sensor_data_window__functions.c
-- Installing: /workspaces/Dark_Circle/install/pipeline_interfaces/include/pipeline_interfaces/pipeline_interfaces/msg/raw_sensor_reading.h
-- Installing: /workspaces/Dark_Circle/install/pipeline_interfaces/include/pipeline_interfaces/pipeline_interfaces/msg/sensor_data_window.h
-- Installing: /workspaces/Dark_Circle/install/pipeline_interfaces/share/pipeline_interfaces/environment/library_path.sh
-- Installing: /workspaces/Dark_Circle/install/pipeline_interfaces/share/pipeline_interfaces/environment/library_path.dsv
-- Installing: /workspaces/Dark_Circle/install/pipeline_interfaces/lib/libpipeline_interfaces__rosidl_generator_c.so
-- Set non-toolchain portion of runtime path of "/workspaces/Dark_Circle/install/pipeline_interfaces/lib/libpipeline_interfaces__rosidl_generator_c.so" to ""
-- Up-to-date: /workspaces/Dark_Circle/install/pipeline_interfaces/include/pipeline_interfaces/pipeline_interfaces
-- Up-to-date: /workspaces/Dark_Circle/install/pipeline_interfaces/include/pipeline_interfaces/pipeline_interfaces/msg
-- Up-to-date: /workspaces/Dark_Circle/install/pipeline_interfaces/include/pipeline_interfaces/pipeline_interfaces/msg/detail
-- Installing: /workspaces/Dark_Circle/install/pipeline_interfaces/include/pipeline_interfaces/pipeline_interfaces/msg/detail/sensor_data_window__rosidl_typesupport_fastrtps_c.h
-- Installing: /workspaces/Dark_Circle/install/pipeline_interfaces/include/pipeline_interfaces/pipeline_interfaces/msg/detail/raw_sensor_reading__rosidl_typesupport_fastrtps_c.h
-- Installing: /workspaces/Dark_Circle/install/pipeline_interfaces/include/pipeline_interfaces/pipeline_interfaces/msg/rosidl_typesupport_fastrtps_c__visibility_control.h
-- Installing: /workspaces/Dark_Circle/install/pipeline_interfaces/lib/libpipeline_interfaces__rosidl_typesupport_fastrtps_c.so
-- Set non-toolchain portion of runtime path of "/workspaces/Dark_Circle/install/pipeline_interfaces/lib/libpipeline_interfaces__rosidl_typesupport_fastrtps_c.so" to ""
-- Up-to-date: /workspaces/Dark_Circle/install/pipeline_interfaces/include/pipeline_interfaces/pipeline_interfaces
-- Up-to-date: /workspaces/Dark_Circle/install/pipeline_interfaces/include/pipeline_interfaces/pipeline_interfaces/msg
-- Up-to-date: /workspaces/Dark_Circle/install/pipeline_interfaces/include/pipeline_interfaces/pipeline_interfaces/msg/detail
-- Installing: /workspaces/Dark_Circle/install/pipeline_interfaces/include/pipeline_interfaces/pipeline_interfaces/msg/detail/sensor_data_window__type_support.c
-- Installing: /workspaces/Dark_Circle/install/pipeline_interfaces/include/pipeline_interfaces/pipeline_interfaces/msg/detail/raw_sensor_reading__rosidl_typesupport_introspection_c.h
-- Installing: /workspaces/Dark_Circle/install/pipeline_interfaces/include/pipeline_interfaces/pipeline_interfaces/msg/detail/sensor_data_window__rosidl_typesupport_introspection_c.h
-- Installing: /workspaces/Dark_Circle/install/pipeline_interfaces/include/pipeline_interfaces/pipeline_interfaces/msg/detail/raw_sensor_reading__type_support.c
-- Installing: /workspaces/Dark_Circle/install/pipeline_interfaces/include/pipeline_interfaces/pipeline_interfaces/msg/rosidl_typesupport_introspection_c__visibility_control.h
-- Installing: /workspaces/Dark_Circle/install/pipeline_interfaces/lib/libpipeline_interfaces__rosidl_typesupport_introspection_c.so
-- Set non-toolchain portion of runtime path of "/workspaces/Dark_Circle/install/pipeline_interfaces/lib/libpipeline_interfaces__rosidl_typesupport_introspection_c.so" to ""
-- Installing: /workspaces/Dark_Circle/install/pipeline_interfaces/lib/libpipeline_interfaces__rosidl_typesupport_c.so
-- Set non-toolchain portion of runtime path of "/workspaces/Dark_Circle/install/pipeline_interfaces/lib/libpipeline_interfaces__rosidl_typesupport_c.so" to ""
-- Up-to-date: /workspaces/Dark_Circle/install/pipeline_interfaces/include/pipeline_interfaces/pipeline_interfaces
-- Up-to-date: /workspaces/Dark_Circle/install/pipeline_interfaces/include/pipeline_interfaces/pipeline_interfaces/msg
-- Installing: /workspaces/Dark_Circle/install/pipeline_interfaces/include/pipeline_interfaces/pipeline_interfaces/msg/sensor_data_window.hpp
-- Up-to-date: /workspaces/Dark_Circle/install/pipeline_interfaces/include/pipeline_interfaces/pipeline_interfaces/msg/detail
-- Installing: /workspaces/Dark_Circle/install/pipeline_interfaces/include/pipeline_interfaces/pipeline_interfaces/msg/detail/raw_sensor_reading__type_support.hpp
-- Installing: /workspaces/Dark_Circle/install/pipeline_interfaces/include/pipeline_interfaces/pipeline_interfaces/msg/detail/raw_sensor_reading__struct.hpp
-- Installing: /workspaces/Dark_Circle/install/pipeline_interfaces/include/pipeline_interfaces/pipeline_interfaces/msg/detail/raw_sensor_reading__builder.hpp
-- Installing: /workspaces/Dark_Circle/install/pipeline_interfaces/include/pipeline_interfaces/pipeline_interfaces/msg/detail/sensor_data_window__struct.hpp
-- Installing: /workspaces/Dark_Circle/install/pipeline_interfaces/include/pipeline_interfaces/pipeline_interfaces/msg/detail/sensor_data_window__builder.hpp
-- Installing: /workspaces/Dark_Circle/install/pipeline_interfaces/include/pipeline_interfaces/pipeline_interfaces/msg/detail/raw_sensor_reading__traits.hpp
-- Installing: /workspaces/Dark_Circle/install/pipeline_interfaces/include/pipeline_interfaces/pipeline_interfaces/msg/detail/sensor_data_window__type_support.hpp
-- Installing: /workspaces/Dark_Circle/install/pipeline_interfaces/include/pipeline_interfaces/pipeline_interfaces/msg/detail/sensor_data_window__traits.hpp
-- Installing: /workspaces/Dark_Circle/install/pipeline_interfaces/include/pipeline_interfaces/pipeline_interfaces/msg/rosidl_generator_cpp__visibility_control.hpp
-- Installing: /workspaces/Dark_Circle/install/pipeline_interfaces/include/pipeline_interfaces/pipeline_interfaces/msg/raw_sensor_reading.hpp
-- Up-to-date: /workspaces/Dark_Circle/install/pipeline_interfaces/include/pipeline_interfaces/pipeline_interfaces
-- Up-to-date: /workspaces/Dark_Circle/install/pipeline_interfaces/include/pipeline_interfaces/pipeline_interfaces/msg
-- Installing: /workspaces/Dark_Circle/install/pipeline_interfaces/include/pipeline_interfaces/pipeline_interfaces/msg/rosidl_typesupport_fastrtps_cpp__visibility_control.h
-- Up-to-date: /workspaces/Dark_Circle/install/pipeline_interfaces/include/pipeline_interfaces/pipeline_interfaces/msg/detail
-- Installing: /workspaces/Dark_Circle/install/pipeline_interfaces/include/pipeline_interfaces/pipeline_interfaces/msg/detail/raw_sensor_reading__rosidl_typesupport_fastrtps_cpp.hpp
-- Installing: /workspaces/Dark_Circle/install/pipeline_interfaces/include/pipeline_interfaces/pipeline_interfaces/msg/detail/sensor_data_window__rosidl_typesupport_fastrtps_cpp.hpp
-- Installing: /workspaces/Dark_Circle/install/pipeline_interfaces/include/pipeline_interfaces/pipeline_interfaces/msg/detail/dds_fastrtps
-- Installing: /workspaces/Dark_Circle/install/pipeline_interfaces/lib/libpipeline_interfaces__rosidl_typesupport_fastrtps_cpp.so
-- Set non-toolchain portion of runtime path of "/workspaces/Dark_Circle/install/pipeline_interfaces/lib/libpipeline_interfaces__rosidl_typesupport_fastrtps_cpp.so" to ""
-- Up-to-date: /workspaces/Dark_Circle/install/pipeline_interfaces/include/pipeline_interfaces/pipeline_interfaces
-- Up-to-date: /workspaces/Dark_Circle/install/pipeline_interfaces/include/pipeline_interfaces/pipeline_interfaces/msg
-- Up-to-date: /workspaces/Dark_Circle/install/pipeline_interfaces/include/pipeline_interfaces/pipeline_interfaces/msg/detail
-- Installing: /workspaces/Dark_Circle/install/pipeline_interfaces/include/pipeline_interfaces/pipeline_interfaces/msg/detail/sensor_data_window__type_support.cpp
-- Installing: /workspaces/Dark_Circle/install/pipeline_interfaces/include/pipeline_interfaces/pipeline_interfaces/msg/detail/raw_sensor_reading__type_support.cpp
-- Installing: /workspaces/Dark_Circle/install/pipeline_interfaces/include/pipeline_interfaces/pipeline_interfaces/msg/detail/sensor_data_window__rosidl_typesupport_introspection_cpp.hpp
-- Installing: /workspaces/Dark_Circle/install/pipeline_interfaces/include/pipeline_interfaces/pipeline_interfaces/msg/detail/raw_sensor_reading__rosidl_typesupport_introspection_cpp.hpp
-- Installing: /workspaces/Dark_Circle/install/pipeline_interfaces/lib/libpipeline_interfaces__rosidl_typesupport_introspection_cpp.so
-- Set non-toolchain portion of runtime path of "/workspaces/Dark_Circle/install/pipeline_interfaces/lib/libpipeline_interfaces__rosidl_typesupport_introspection_cpp.so" to ""
-- Installing: /workspaces/Dark_Circle/install/pipeline_interfaces/lib/libpipeline_interfaces__rosidl_typesupport_cpp.so
-- Set non-toolchain portion of runtime path of "/workspaces/Dark_Circle/install/pipeline_interfaces/lib/libpipeline_interfaces__rosidl_typesupport_cpp.so" to ""
-- Installing: /workspaces/Dark_Circle/install/pipeline_interfaces/share/pipeline_interfaces/environment/pythonpath.sh
-- Installing: /workspaces/Dark_Circle/install/pipeline_interfaces/share/pipeline_interfaces/environment/pythonpath.dsv
-- Installing: /workspaces/Dark_Circle/install/pipeline_interfaces/lib/python3.12/site-packages/pipeline_interfaces-0.0.0-py3.12.egg-info
-- Installing: /workspaces/Dark_Circle/install/pipeline_interfaces/lib/python3.12/site-packages/pipeline_interfaces-0.0.0-py3.12.egg-info/PKG-INFO
-- Installing: /workspaces/Dark_Circle/install/pipeline_interfaces/lib/python3.12/site-packages/pipeline_interfaces-0.0.0-py3.12.egg-info/SOURCES.txt
-- Installing: /workspaces/Dark_Circle/install/pipeline_interfaces/lib/python3.12/site-packages/pipeline_interfaces-0.0.0-py3.12.egg-info/top_level.txt
-- Installing: /workspaces/Dark_Circle/install/pipeline_interfaces/lib/python3.12/site-packages/pipeline_interfaces-0.0.0-py3.12.egg-info/dependency_links.txt
-- Installing: /workspaces/Dark_Circle/install/pipeline_interfaces/lib/python3.12/site-packages/pipeline_interfaces
-- Installing: /workspaces/Dark_Circle/install/pipeline_interfaces/lib/python3.12/site-packages/pipeline_interfaces/pipeline_interfaces_s__rosidl_typesupport_c.so
-- Installing: /workspaces/Dark_Circle/install/pipeline_interfaces/lib/python3.12/site-packages/pipeline_interfaces/msg
-- Installing: /workspaces/Dark_Circle/install/pipeline_interfaces/lib/python3.12/site-packages/pipeline_interfaces/msg/_sensor_data_window_s.c
-- Installing: /workspaces/Dark_Circle/install/pipeline_interfaces/lib/python3.12/site-packages/pipeline_interfaces/msg/__init__.py
-- Installing: /workspaces/Dark_Circle/install/pipeline_interfaces/lib/python3.12/site-packages/pipeline_interfaces/msg/_sensor_data_window.py
-- Installing: /workspaces/Dark_Circle/install/pipeline_interfaces/lib/python3.12/site-packages/pipeline_interfaces/msg/_raw_sensor_reading_s.c
-- Installing: /workspaces/Dark_Circle/install/pipeline_interfaces/lib/python3.12/site-packages/pipeline_interfaces/msg/_raw_sensor_reading.py
-- Installing: /workspaces/Dark_Circle/install/pipeline_interfaces/lib/python3.12/site-packages/pipeline_interfaces/pipeline_interfaces_s__rosidl_typesupport_fastrtps_c.so
-- Installing: /workspaces/Dark_Circle/install/pipeline_interfaces/lib/python3.12/site-packages/pipeline_interfaces/__init__.py
-- Installing: /workspaces/Dark_Circle/install/pipeline_interfaces/lib/python3.12/site-packages/pipeline_interfaces/_pipeline_interfaces_s.ep.rosidl_typesupport_introspection_c.c
-- Installing: /workspaces/Dark_Circle/install/pipeline_interfaces/lib/python3.12/site-packages/pipeline_interfaces/pipeline_interfaces_s__rosidl_typesupport_introspection_c.so
-- Installing: /workspaces/Dark_Circle/install/pipeline_interfaces/lib/python3.12/site-packages/pipeline_interfaces/_pipeline_interfaces_s.ep.rosidl_typesupport_fastrtps_c.c
-- Installing: /workspaces/Dark_Circle/install/pipeline_interfaces/lib/python3.12/site-packages/pipeline_interfaces/_pipeline_interfaces_s.ep.rosidl_typesupport_c.c
Listing '/workspaces/Dark_Circle/install/pipeline_interfaces/lib/python3.12/site-packages/pipeline_interfaces'...
Compiling '/workspaces/Dark_Circle/install/pipeline_interfaces/lib/python3.12/site-packages/pipeline_interfaces/__init__.py'...
Listing '/workspaces/Dark_Circle/install/pipeline_interfaces/lib/python3.12/site-packages/pipeline_interfaces/msg'...
Compiling '/workspaces/Dark_Circle/install/pipeline_interfaces/lib/python3.12/site-packages/pipeline_interfaces/msg/__init__.py'...
Compiling '/workspaces/Dark_Circle/install/pipeline_interfaces/lib/python3.12/site-packages/pipeline_interfaces/msg/_raw_sensor_reading.py'...
Compiling '/workspaces/Dark_Circle/install/pipeline_interfaces/lib/python3.12/site-packages/pipeline_interfaces/msg/_sensor_data_window.py'...
-- Installing: /workspaces/Dark_Circle/install/pipeline_interfaces/lib/python3.12/site-packages/pipeline_interfaces/pipeline_interfaces_s__rosidl_typesupport_fastrtps_c.so
-- Set non-toolchain portion of runtime path of "/workspaces/Dark_Circle/install/pipeline_interfaces/lib/python3.12/site-packages/pipeline_interfaces/pipeline_interfaces_s__rosidl_typesupport_fastrtps_c.so" to ""
-- Installing: /workspaces/Dark_Circle/install/pipeline_interfaces/lib/python3.12/site-packages/pipeline_interfaces/pipeline_interfaces_s__rosidl_typesupport_introspection_c.so
-- Set non-toolchain portion of runtime path of "/workspaces/Dark_Circle/install/pipeline_interfaces/lib/python3.12/site-packages/pipeline_interfaces/pipeline_interfaces_s__rosidl_typesupport_introspection_c.so" to ""
-- Installing: /workspaces/Dark_Circle/install/pipeline_interfaces/lib/python3.12/site-packages/pipeline_interfaces/pipeline_interfaces_s__rosidl_typesupport_c.so
-- Set non-toolchain portion of runtime path of "/workspaces/Dark_Circle/install/pipeline_interfaces/lib/python3.12/site-packages/pipeline_interfaces/pipeline_interfaces_s__rosidl_typesupport_c.so" to ""
-- Installing: /workspaces/Dark_Circle/install/pipeline_interfaces/lib/libpipeline_interfaces__rosidl_generator_py.so
-- Set non-toolchain portion of runtime path of "/workspaces/Dark_Circle/install/pipeline_interfaces/lib/libpipeline_interfaces__rosidl_generator_py.so" to ""
-- Installing: /workspaces/Dark_Circle/install/pipeline_interfaces/share/pipeline_interfaces/msg/RawSensorReading.idl
-- Installing: /workspaces/Dark_Circle/install/pipeline_interfaces/share/pipeline_interfaces/msg/SensorDataWindow.idl
-- Installing: /workspaces/Dark_Circle/install/pipeline_interfaces/share/pipeline_interfaces/msg/RawSensorReading.msg
-- Installing: /workspaces/Dark_Circle/install/pipeline_interfaces/share/pipeline_interfaces/msg/SensorDataWindow.msg
-- Installing: /workspaces/Dark_Circle/install/pipeline_interfaces/share/ament_index/resource_index/package_run_dependencies/pipeline_interfaces
-- Installing: /workspaces/Dark_Circle/install/pipeline_interfaces/share/ament_index/resource_index/parent_prefix_path/pipeline_interfaces
-- Installing: /workspaces/Dark_Circle/install/pipeline_interfaces/share/pipeline_interfaces/environment/ament_prefix_path.sh
-- Installing: /workspaces/Dark_Circle/install/pipeline_interfaces/share/pipeline_interfaces/environment/ament_prefix_path.dsv
-- Installing: /workspaces/Dark_Circle/install/pipeline_interfaces/share/pipeline_interfaces/environment/path.sh
-- Installing: /workspaces/Dark_Circle/install/pipeline_interfaces/share/pipeline_interfaces/environment/path.dsv
-- Installing: /workspaces/Dark_Circle/install/pipeline_interfaces/share/pipeline_interfaces/local_setup.bash
-- Installing: /workspaces/Dark_Circle/install/pipeline_interfaces/share/pipeline_interfaces/local_setup.sh
-- Installing: /workspaces/Dark_Circle/install/pipeline_interfaces/share/pipeline_interfaces/local_setup.zsh
-- Installing: /workspaces/Dark_Circle/install/pipeline_interfaces/share/pipeline_interfaces/local_setup.dsv
-- Installing: /workspaces/Dark_Circle/install/pipeline_interfaces/share/pipeline_interfaces/package.dsv
-- Installing: /workspaces/Dark_Circle/install/pipeline_interfaces/share/ament_index/resource_index/packages/pipeline_interfaces
-- Installing: /workspaces/Dark_Circle/install/pipeline_interfaces/share/pipeline_interfaces/cmake/export_pipeline_interfaces__rosidl_generator_cExport.cmake
-- Installing: /workspaces/Dark_Circle/install/pipeline_interfaces/share/pipeline_interfaces/cmake/export_pipeline_interfaces__rosidl_generator_cExport-noconfig.cmake
-- Installing: /workspaces/Dark_Circle/install/pipeline_interfaces/share/pipeline_interfaces/cmake/export_pipeline_interfaces__rosidl_typesupport_fastrtps_cExport.cmake
-- Installing: /workspaces/Dark_Circle/install/pipeline_interfaces/share/pipeline_interfaces/cmake/export_pipeline_interfaces__rosidl_typesupport_fastrtps_cExport-noconfig.cmake
-- Installing: /workspaces/Dark_Circle/install/pipeline_interfaces/share/pipeline_interfaces/cmake/pipeline_interfaces__rosidl_typesupport_introspection_cExport.cmake
-- Installing: /workspaces/Dark_Circle/install/pipeline_interfaces/share/pipeline_interfaces/cmake/pipeline_interfaces__rosidl_typesupport_introspection_cExport-noconfig.cmake
-- Installing: /workspaces/Dark_Circle/install/pipeline_interfaces/share/pipeline_interfaces/cmake/pipeline_interfaces__rosidl_typesupport_cExport.cmake
-- Installing: /workspaces/Dark_Circle/install/pipeline_interfaces/share/pipeline_interfaces/cmake/pipeline_interfaces__rosidl_typesupport_cExport-noconfig.cmake
-- Installing: /workspaces/Dark_Circle/install/pipeline_interfaces/share/pipeline_interfaces/cmake/export_pipeline_interfaces__rosidl_generator_cppExport.cmake
-- Installing: /workspaces/Dark_Circle/install/pipeline_interfaces/share/pipeline_interfaces/cmake/export_pipeline_interfaces__rosidl_typesupport_fastrtps_cppExport.cmake
-- Installing: /workspaces/Dark_Circle/install/pipeline_interfaces/share/pipeline_interfaces/cmake/export_pipeline_interfaces__rosidl_typesupport_fastrtps_cppExport-noconfig.cmake
-- Installing: /workspaces/Dark_Circle/install/pipeline_interfaces/share/pipeline_interfaces/cmake/pipeline_interfaces__rosidl_typesupport_introspection_cppExport.cmake
-- Installing: /workspaces/Dark_Circle/install/pipeline_interfaces/share/pipeline_interfaces/cmake/pipeline_interfaces__rosidl_typesupport_introspection_cppExport-noconfig.cmake
-- Installing: /workspaces/Dark_Circle/install/pipeline_interfaces/share/pipeline_interfaces/cmake/pipeline_interfaces__rosidl_typesupport_cppExport.cmake
-- Installing: /workspaces/Dark_Circle/install/pipeline_interfaces/share/pipeline_interfaces/cmake/pipeline_interfaces__rosidl_typesupport_cppExport-noconfig.cmake
-- Installing: /workspaces/Dark_Circle/install/pipeline_interfaces/share/pipeline_interfaces/cmake/export_pipeline_interfaces__rosidl_generator_pyExport.cmake
-- Installing: /workspaces/Dark_Circle/install/pipeline_interfaces/share/pipeline_interfaces/cmake/export_pipeline_interfaces__rosidl_generator_pyExport-noconfig.cmake
-- Installing: /workspaces/Dark_Circle/install/pipeline_interfaces/share/pipeline_interfaces/cmake/rosidl_cmake-extras.cmake
-- Installing: /workspaces/Dark_Circle/install/pipeline_interfaces/share/pipeline_interfaces/cmake/ament_cmake_export_dependencies-extras.cmake
-- Installing: /workspaces/Dark_Circle/install/pipeline_interfaces/share/pipeline_interfaces/cmake/ament_cmake_export_include_directories-extras.cmake
-- Installing: /workspaces/Dark_Circle/install/pipeline_interfaces/share/pipeline_interfaces/cmake/ament_cmake_export_libraries-extras.cmake
-- Installing: /workspaces/Dark_Circle/install/pipeline_interfaces/share/pipeline_interfaces/cmake/ament_cmake_export_targets-extras.cmake
-- Installing: /workspaces/Dark_Circle/install/pipeline_interfaces/share/pipeline_interfaces/cmake/rosidl_cmake_export_typesupport_targets-extras.cmake
-- Installing: /workspaces/Dark_Circle/install/pipeline_interfaces/share/pipeline_interfaces/cmake/rosidl_cmake_export_typesupport_libraries-extras.cmake
-- Installing: /workspaces/Dark_Circle/install/pipeline_interfaces/share/pipeline_interfaces/cmake/pipeline_interfacesConfig.cmake
-- Installing: /workspaces/Dark_Circle/install/pipeline_interfaces/share/pipeline_interfaces/cmake/pipeline_interfacesConfig-version.cmake
-- Installing: /workspaces/Dark_Circle/install/pipeline_interfaces/share/pipeline_interfaces/package.xml
