[0.048s] Invoking command in '/workspaces/Dark_Circle/build/pipeline_interfaces': CMAKE_PREFIX_PATH=${CMAKE_PREFIX_PATH}:/opt/ros/jazzy /usr/bin/cmake /workspaces/Dark_Circle/ros2_ws/src/pipeline_interfaces -DCMAKE_INSTALL_PREFIX=/workspaces/Dark_Circle/install/pipeline_interfaces
[0.510s] -- The C compiler identification is GNU 13.3.0
[0.869s] -- The CXX compiler identification is GNU 13.3.0
[0.980s] -- Detecting C compiler ABI info
[1.697s] -- Detecting C compiler ABI info - done
[1.715s] -- Check for working C compiler: /usr/bin/cc - skipped
[1.716s] -- Detecting C compile features
[1.716s] -- Detecting C compile features - done
[1.781s] -- Detecting CXX compiler ABI info
[2.440s] -- Detecting CXX compiler ABI info - done
[2.458s] -- Check for working CXX compiler: /usr/bin/c++ - skipped
[2.459s] -- Detecting CXX compile features
[2.459s] -- Detecting CXX compile features - done
[2.472s] -- Found ament_cmake: 2.5.4 (/opt/ros/jazzy/share/ament_cmake/cmake)
[3.063s] -- Found Python3: /usr/bin/python3 (found version "3.12.3") found components: Interpreter 
[3.285s] -- Found rosidl_default_generators: 1.6.0 (/opt/ros/jazzy/share/rosidl_default_generators/cmake)
[3.295s] -- Using all available rosidl_typesupport_c: rosidl_typesupport_fastrtps_c;rosidl_typesupport_introspection_c
[3.368s] -- Using all available rosidl_typesupport_cpp: rosidl_typesupport_fastrtps_cpp;rosidl_typesupport_introspection_cpp
[3.429s] -- Found rosidl_adapter: 4.6.6 (/opt/ros/jazzy/share/rosidl_adapter/cmake)
[3.435s] -- Found builtin_interfaces: 2.0.3 (/opt/ros/jazzy/share/builtin_interfaces/cmake)
[5.568s] -- Found ament_cmake_ros: 0.12.0 (/opt/ros/jazzy/share/ament_cmake_ros/cmake)
[7.326s] -- Using all available rosidl_typesupport_c: rosidl_typesupport_fastrtps_c;rosidl_typesupport_introspection_c
[9.709s] -- Using all available rosidl_typesupport_cpp: rosidl_typesupport_fastrtps_cpp;rosidl_typesupport_introspection_cpp
[9.714s] -- Found python_cmake_module: 0.11.1 (/opt/ros/jazzy/share/python_cmake_module/cmake)
[10.316s] -- Found PythonExtra: /usr/bin/python3  
[11.777s] -- Found Python3: /usr/bin/python3 (found version "3.12.3") found components: Interpreter Development NumPy Development.Module Development.Embed 
[11.899s] -- Found ament_lint_auto: 0.17.3 (/opt/ros/jazzy/share/ament_lint_auto/cmake)
[11.967s] -- Added test 'lint_cmake' to check CMake code style
[11.975s] -- Added test 'xmllint' to check XML markup files
[12.001s] -- Configuring done (11.9s)
[12.219s] -- Generating done (0.2s)
[12.269s] -- Build files have been written to: /workspaces/Dark_Circle/build/pipeline_interfaces
[12.280s] Invoked command in '/workspaces/Dark_Circle/build/pipeline_interfaces' returned '0': CMAKE_PREFIX_PATH=${CMAKE_PREFIX_PATH}:/opt/ros/jazzy /usr/bin/cmake /workspaces/Dark_Circle/ros2_ws/src/pipeline_interfaces -DCMAKE_INSTALL_PREFIX=/workspaces/Dark_Circle/install/pipeline_interfaces
[12.284s] Invoking command in '/workspaces/Dark_Circle/build/pipeline_interfaces': CMAKE_PREFIX_PATH=${CMAKE_PREFIX_PATH}:/opt/ros/jazzy /usr/bin/cmake --build /workspaces/Dark_Circle/build/pipeline_interfaces -- -j12 -l12
[12.747s] [  2%] [34m[1mGenerating type hashes for ROS interfaces[0m
[12.793s] [  2%] Built target ament_cmake_python_copy_pipeline_interfaces
[13.158s] [  2%] Built target pipeline_interfaces__rosidl_generator_type_description
[13.197s] running egg_info
[13.198s] creating pipeline_interfaces.egg-info
[13.210s] writing pipeline_interfaces.egg-info/PKG-INFO
[13.211s] writing dependency_links to pipeline_interfaces.egg-info/dependency_links.txt
[13.212s] writing top-level names to pipeline_interfaces.egg-info/top_level.txt
[13.213s] writing manifest file 'pipeline_interfaces.egg-info/SOURCES.txt'
[13.250s] reading manifest file 'pipeline_interfaces.egg-info/SOURCES.txt'
[13.255s] writing manifest file 'pipeline_interfaces.egg-info/SOURCES.txt'
[13.263s] [  4%] [34m[1mGenerating C code for ROS interfaces[0m
[13.333s] [  4%] Built target ament_cmake_python_build_pipeline_interfaces_egg
[13.379s] [  6%] [34m[1mGenerating C++ code for ROS interfaces[0m
[13.921s] [  6%] Built target pipeline_interfaces__cpp
[13.958s] [ 11%] [32mBuilding C object CMakeFiles/pipeline_interfaces__rosidl_generator_c.dir/rosidl_generator_c/pipeline_interfaces/msg/detail/raw_sensor_reading__functions.c.o[0m
[13.960s] [ 11%] [32mBuilding C object CMakeFiles/pipeline_interfaces__rosidl_generator_c.dir/rosidl_generator_c/pipeline_interfaces/msg/detail/sensor_data_window__description.c.o[0m
[13.962s] [ 13%] [32mBuilding C object CMakeFiles/pipeline_interfaces__rosidl_generator_c.dir/rosidl_generator_c/pipeline_interfaces/msg/detail/sensor_data_window__type_support.c.o[0m
[13.965s] [ 18%] [32mBuilding C object CMakeFiles/pipeline_interfaces__rosidl_generator_c.dir/rosidl_generator_c/pipeline_interfaces/msg/detail/raw_sensor_reading__type_support.c.o[0m
[13.966s] [ 18%] [32mBuilding C object CMakeFiles/pipeline_interfaces__rosidl_generator_c.dir/rosidl_generator_c/pipeline_interfaces/msg/detail/raw_sensor_reading__description.c.o[0m
[13.971s] [ 20%] [32mBuilding C object CMakeFiles/pipeline_interfaces__rosidl_generator_c.dir/rosidl_generator_c/pipeline_interfaces/msg/detail/sensor_data_window__functions.c.o[0m
[14.335s] [ 22%] [32m[1mLinking C shared library libpipeline_interfaces__rosidl_generator_c.so[0m
[14.552s] [ 22%] Built target pipeline_interfaces__rosidl_generator_c
[14.655s] [ 29%] [34m[1mGenerating C introspection for ROS interfaces[0m
[14.657s] [ 29%] [34m[1mGenerating C type support for eProsima Fast-RTPS[0m
[14.658s] [ 29%] [34m[1mGenerating C++ type support dispatch for ROS interfaces[0m
[14.660s] [ 31%] [34m[1mGenerating C++ type support for eProsima Fast-RTPS[0m
[14.664s] [ 34%] [34m[1mGenerating C type support dispatch for ROS interfaces[0m
[14.666s] [ 36%] [34m[1mGenerating C++ introspection for ROS interfaces[0m
[15.253s] [ 38%] [32mBuilding CXX object CMakeFiles/pipeline_interfaces__rosidl_typesupport_c.dir/rosidl_typesupport_c/pipeline_interfaces/msg/raw_sensor_reading__type_support.cpp.o[0m
[15.256s] [ 40%] [32mBuilding CXX object CMakeFiles/pipeline_interfaces__rosidl_typesupport_c.dir/rosidl_typesupport_c/pipeline_interfaces/msg/sensor_data_window__type_support.cpp.o[0m
[15.260s] [ 43%] [32mBuilding CXX object CMakeFiles/pipeline_interfaces__rosidl_typesupport_cpp.dir/rosidl_typesupport_cpp/pipeline_interfaces/msg/raw_sensor_reading__type_support.cpp.o[0m
[15.270s] [ 45%] [32mBuilding CXX object CMakeFiles/pipeline_interfaces__rosidl_typesupport_cpp.dir/rosidl_typesupport_cpp/pipeline_interfaces/msg/sensor_data_window__type_support.cpp.o[0m
[15.288s] [ 50%] [32mBuilding CXX object CMakeFiles/pipeline_interfaces__rosidl_typesupport_introspection_cpp.dir/rosidl_typesupport_introspection_cpp/pipeline_interfaces/msg/detail/sensor_data_window__type_support.cpp.o[0m
[15.294s] [ 54%] [32mBuilding C object CMakeFiles/pipeline_interfaces__rosidl_typesupport_introspection_c.dir/rosidl_typesupport_introspection_c/pipeline_interfaces/msg/detail/sensor_data_window__type_support.c.o[0m
[15.295s] [ 54%] [32mBuilding C object CMakeFiles/pipeline_interfaces__rosidl_typesupport_introspection_c.dir/rosidl_typesupport_introspection_c/pipeline_interfaces/msg/detail/raw_sensor_reading__type_support.c.o[0m
[15.296s] [ 54%] [32mBuilding CXX object CMakeFiles/pipeline_interfaces__rosidl_typesupport_introspection_cpp.dir/rosidl_typesupport_introspection_cpp/pipeline_interfaces/msg/detail/raw_sensor_reading__type_support.cpp.o[0m
[15.326s] [ 59%] [32mBuilding CXX object CMakeFiles/pipeline_interfaces__rosidl_typesupport_fastrtps_c.dir/rosidl_typesupport_fastrtps_c/pipeline_interfaces/msg/detail/raw_sensor_reading__type_support_c.cpp.o[0m
[15.333s] [ 59%] [32mBuilding CXX object CMakeFiles/pipeline_interfaces__rosidl_typesupport_fastrtps_c.dir/rosidl_typesupport_fastrtps_c/pipeline_interfaces/msg/detail/sensor_data_window__type_support_c.cpp.o[0m
[15.362s] [ 61%] [32mBuilding CXX object CMakeFiles/pipeline_interfaces__rosidl_typesupport_fastrtps_cpp.dir/rosidl_typesupport_fastrtps_cpp/pipeline_interfaces/msg/detail/dds_fastrtps/sensor_data_window__type_support.cpp.o[0m
[15.380s] [ 63%] [32mBuilding CXX object CMakeFiles/pipeline_interfaces__rosidl_typesupport_fastrtps_cpp.dir/rosidl_typesupport_fastrtps_cpp/pipeline_interfaces/msg/detail/dds_fastrtps/raw_sensor_reading__type_support.cpp.o[0m
[15.797s] [ 65%] [32m[1mLinking CXX shared library libpipeline_interfaces__rosidl_typesupport_c.so[0m
[15.855s] [ 68%] [32m[1mLinking C shared library libpipeline_interfaces__rosidl_typesupport_introspection_c.so[0m
[16.183s] [ 68%] Built target pipeline_interfaces__rosidl_typesupport_c
[16.208s] [ 68%] Built target pipeline_interfaces__rosidl_typesupport_introspection_c
[16.286s] [ 70%] [32m[1mLinking CXX shared library libpipeline_interfaces__rosidl_typesupport_cpp.so[0m
[16.427s] [ 72%] [32m[1mLinking CXX shared library libpipeline_interfaces__rosidl_typesupport_introspection_cpp.so[0m
[16.493s] [ 75%] [32m[1mLinking CXX shared library libpipeline_interfaces__rosidl_typesupport_fastrtps_c.so[0m
[16.546s] [ 75%] Built target pipeline_interfaces__rosidl_typesupport_cpp
[16.600s] [ 77%] [32m[1mLinking CXX shared library libpipeline_interfaces__rosidl_typesupport_fastrtps_cpp.so[0m
[16.695s] [ 77%] Built target pipeline_interfaces__rosidl_typesupport_introspection_cpp
[16.745s] [ 77%] Built target pipeline_interfaces__rosidl_typesupport_fastrtps_c
[16.845s] [ 77%] Built target pipeline_interfaces__rosidl_typesupport_fastrtps_cpp
[17.050s] [ 77%] Built target pipeline_interfaces
[17.254s] [ 79%] [34m[1mGenerating Python code for ROS interfaces[0m
[17.800s] [ 79%] Built target pipeline_interfaces__py
[18.024s] [ 84%] [32mBuilding C object CMakeFiles/pipeline_interfaces__rosidl_generator_py.dir/rosidl_generator_py/pipeline_interfaces/msg/_raw_sensor_reading_s.c.o[0m
[18.026s] [ 84%] [32mBuilding C object CMakeFiles/pipeline_interfaces__rosidl_generator_py.dir/rosidl_generator_py/pipeline_interfaces/msg/_sensor_data_window_s.c.o[0m
[18.552s] [ 86%] [32m[1mLinking C shared library libpipeline_interfaces__rosidl_generator_py.so[0m
[18.773s] [ 86%] Built target pipeline_interfaces__rosidl_generator_py
[18.987s] [ 90%] [32mBuilding C object CMakeFiles/pipeline_interfaces_s__rosidl_typesupport_fastrtps_c.dir/rosidl_generator_py/pipeline_interfaces/_pipeline_interfaces_s.ep.rosidl_typesupport_fastrtps_c.c.o[0m
[18.988s] [ 90%] [32mBuilding C object CMakeFiles/pipeline_interfaces_s__rosidl_typesupport_c.dir/rosidl_generator_py/pipeline_interfaces/_pipeline_interfaces_s.ep.rosidl_typesupport_c.c.o[0m
[18.995s] [ 93%] [32mBuilding C object CMakeFiles/pipeline_interfaces_s__rosidl_typesupport_introspection_c.dir/rosidl_generator_py/pipeline_interfaces/_pipeline_interfaces_s.ep.rosidl_typesupport_introspection_c.c.o[0m
[19.459s] [ 95%] [32m[1mLinking C shared module rosidl_generator_py/pipeline_interfaces/pipeline_interfaces_s__rosidl_typesupport_c.so[0m
[19.462s] [100%] [32m[1mLinking C shared module rosidl_generator_py/pipeline_interfaces/pipeline_interfaces_s__rosidl_typesupport_introspection_c.so[0m
[19.463s] [100%] [32m[1mLinking C shared module rosidl_generator_py/pipeline_interfaces/pipeline_interfaces_s__rosidl_typesupport_fastrtps_c.so[0m
[19.680s] [100%] Built target pipeline_interfaces_s__rosidl_typesupport_c
[19.686s] [100%] Built target pipeline_interfaces_s__rosidl_typesupport_fastrtps_c
[19.688s] [100%] Built target pipeline_interfaces_s__rosidl_typesupport_introspection_c
[19.754s] Invoked command in '/workspaces/Dark_Circle/build/pipeline_interfaces' returned '0': CMAKE_PREFIX_PATH=${CMAKE_PREFIX_PATH}:/opt/ros/jazzy /usr/bin/cmake --build /workspaces/Dark_Circle/build/pipeline_interfaces -- -j12 -l12
[19.817s] Invoking command in '/workspaces/Dark_Circle/build/pipeline_interfaces': CMAKE_PREFIX_PATH=${CMAKE_PREFIX_PATH}:/opt/ros/jazzy /usr/bin/cmake --install /workspaces/Dark_Circle/build/pipeline_interfaces
[19.878s] -- Install configuration: ""
[19.881s] -- Installing: /workspaces/Dark_Circle/install/pipeline_interfaces/share/ament_index/resource_index/rosidl_interfaces/pipeline_interfaces
[19.884s] -- Installing: /workspaces/Dark_Circle/install/pipeline_interfaces/share/pipeline_interfaces/msg/RawSensorReading.json
[19.886s] -- Installing: /workspaces/Dark_Circle/install/pipeline_interfaces/share/pipeline_interfaces/msg/SensorDataWindow.json
[19.888s] -- Installing: /workspaces/Dark_Circle/install/pipeline_interfaces/include/pipeline_interfaces/pipeline_interfaces
[19.889s] -- Installing: /workspaces/Dark_Circle/install/pipeline_interfaces/include/pipeline_interfaces/pipeline_interfaces/msg
[19.890s] -- Installing: /workspaces/Dark_Circle/install/pipeline_interfaces/include/pipeline_interfaces/pipeline_interfaces/msg/rosidl_generator_c__visibility_control.h
[19.890s] -- Installing: /workspaces/Dark_Circle/install/pipeline_interfaces/include/pipeline_interfaces/pipeline_interfaces/msg/detail
[19.892s] -- Installing: /workspaces/Dark_Circle/install/pipeline_interfaces/include/pipeline_interfaces/pipeline_interfaces/msg/detail/raw_sensor_reading__struct.h
[19.900s] -- Installing: /workspaces/Dark_Circle/install/pipeline_interfaces/include/pipeline_interfaces/pipeline_interfaces/msg/detail/sensor_data_window__description.c
[19.907s] -- Installing: /workspaces/Dark_Circle/install/pipeline_interfaces/include/pipeline_interfaces/pipeline_interfaces/msg/detail/sensor_data_window__type_support.c
[19.909s] -- Installing: /workspaces/Dark_Circle/install/pipeline_interfaces/include/pipeline_interfaces/pipeline_interfaces/msg/detail/raw_sensor_reading__description.c
[19.911s] -- Installing: /workspaces/Dark_Circle/install/pipeline_interfaces/include/pipeline_interfaces/pipeline_interfaces/msg/detail/raw_sensor_reading__type_support.h
[19.913s] -- Installing: /workspaces/Dark_Circle/install/pipeline_interfaces/include/pipeline_interfaces/pipeline_interfaces/msg/detail/raw_sensor_reading__functions.c
[19.915s] -- Installing: /workspaces/Dark_Circle/install/pipeline_interfaces/include/pipeline_interfaces/pipeline_interfaces/msg/detail/sensor_data_window__functions.h
[19.917s] -- Installing: /workspaces/Dark_Circle/install/pipeline_interfaces/include/pipeline_interfaces/pipeline_interfaces/msg/detail/sensor_data_window__type_support.h
[19.920s] -- Installing: /workspaces/Dark_Circle/install/pipeline_interfaces/include/pipeline_interfaces/pipeline_interfaces/msg/detail/sensor_data_window__struct.h
[19.922s] -- Installing: /workspaces/Dark_Circle/install/pipeline_interfaces/include/pipeline_interfaces/pipeline_interfaces/msg/detail/raw_sensor_reading__functions.h
[19.923s] -- Installing: /workspaces/Dark_Circle/install/pipeline_interfaces/include/pipeline_interfaces/pipeline_interfaces/msg/detail/raw_sensor_reading__type_support.c
[19.925s] -- Installing: /workspaces/Dark_Circle/install/pipeline_interfaces/include/pipeline_interfaces/pipeline_interfaces/msg/detail/sensor_data_window__functions.c
[19.926s] -- Installing: /workspaces/Dark_Circle/install/pipeline_interfaces/include/pipeline_interfaces/pipeline_interfaces/msg/raw_sensor_reading.h
[19.928s] -- Installing: /workspaces/Dark_Circle/install/pipeline_interfaces/include/pipeline_interfaces/pipeline_interfaces/msg/sensor_data_window.h
[19.929s] -- Installing: /workspaces/Dark_Circle/install/pipeline_interfaces/share/pipeline_interfaces/environment/library_path.sh
[19.930s] -- Installing: /workspaces/Dark_Circle/install/pipeline_interfaces/share/pipeline_interfaces/environment/library_path.dsv
[19.932s] -- Installing: /workspaces/Dark_Circle/install/pipeline_interfaces/lib/libpipeline_interfaces__rosidl_generator_c.so
[19.937s] -- Set non-toolchain portion of runtime path of "/workspaces/Dark_Circle/install/pipeline_interfaces/lib/libpipeline_interfaces__rosidl_generator_c.so" to ""
[19.937s] -- Up-to-date: /workspaces/Dark_Circle/install/pipeline_interfaces/include/pipeline_interfaces/pipeline_interfaces
[19.937s] -- Up-to-date: /workspaces/Dark_Circle/install/pipeline_interfaces/include/pipeline_interfaces/pipeline_interfaces/msg
[19.938s] -- Up-to-date: /workspaces/Dark_Circle/install/pipeline_interfaces/include/pipeline_interfaces/pipeline_interfaces/msg/detail
[19.938s] -- Installing: /workspaces/Dark_Circle/install/pipeline_interfaces/include/pipeline_interfaces/pipeline_interfaces/msg/detail/sensor_data_window__rosidl_typesupport_fastrtps_c.h
[19.939s] -- Installing: /workspaces/Dark_Circle/install/pipeline_interfaces/include/pipeline_interfaces/pipeline_interfaces/msg/detail/raw_sensor_reading__rosidl_typesupport_fastrtps_c.h
[19.941s] -- Installing: /workspaces/Dark_Circle/install/pipeline_interfaces/include/pipeline_interfaces/pipeline_interfaces/msg/rosidl_typesupport_fastrtps_c__visibility_control.h
[19.943s] -- Installing: /workspaces/Dark_Circle/install/pipeline_interfaces/lib/libpipeline_interfaces__rosidl_typesupport_fastrtps_c.so
[19.945s] -- Set non-toolchain portion of runtime path of "/workspaces/Dark_Circle/install/pipeline_interfaces/lib/libpipeline_interfaces__rosidl_typesupport_fastrtps_c.so" to ""
[19.945s] -- Up-to-date: /workspaces/Dark_Circle/install/pipeline_interfaces/include/pipeline_interfaces/pipeline_interfaces
[19.946s] -- Up-to-date: /workspaces/Dark_Circle/install/pipeline_interfaces/include/pipeline_interfaces/pipeline_interfaces/msg
[19.946s] -- Up-to-date: /workspaces/Dark_Circle/install/pipeline_interfaces/include/pipeline_interfaces/pipeline_interfaces/msg/detail
[19.946s] -- Installing: /workspaces/Dark_Circle/install/pipeline_interfaces/include/pipeline_interfaces/pipeline_interfaces/msg/detail/sensor_data_window__type_support.c
[19.948s] -- Installing: /workspaces/Dark_Circle/install/pipeline_interfaces/include/pipeline_interfaces/pipeline_interfaces/msg/detail/raw_sensor_reading__rosidl_typesupport_introspection_c.h
[19.949s] -- Installing: /workspaces/Dark_Circle/install/pipeline_interfaces/include/pipeline_interfaces/pipeline_interfaces/msg/detail/sensor_data_window__rosidl_typesupport_introspection_c.h
[19.950s] -- Installing: /workspaces/Dark_Circle/install/pipeline_interfaces/include/pipeline_interfaces/pipeline_interfaces/msg/detail/raw_sensor_reading__type_support.c
[19.951s] -- Installing: /workspaces/Dark_Circle/install/pipeline_interfaces/include/pipeline_interfaces/pipeline_interfaces/msg/rosidl_typesupport_introspection_c__visibility_control.h
[19.953s] -- Installing: /workspaces/Dark_Circle/install/pipeline_interfaces/lib/libpipeline_interfaces__rosidl_typesupport_introspection_c.so
[19.955s] -- Set non-toolchain portion of runtime path of "/workspaces/Dark_Circle/install/pipeline_interfaces/lib/libpipeline_interfaces__rosidl_typesupport_introspection_c.so" to ""
[19.955s] -- Installing: /workspaces/Dark_Circle/install/pipeline_interfaces/lib/libpipeline_interfaces__rosidl_typesupport_c.so
[19.957s] -- Set non-toolchain portion of runtime path of "/workspaces/Dark_Circle/install/pipeline_interfaces/lib/libpipeline_interfaces__rosidl_typesupport_c.so" to ""
[19.958s] -- Up-to-date: /workspaces/Dark_Circle/install/pipeline_interfaces/include/pipeline_interfaces/pipeline_interfaces
[19.958s] -- Up-to-date: /workspaces/Dark_Circle/install/pipeline_interfaces/include/pipeline_interfaces/pipeline_interfaces/msg
[19.959s] -- Installing: /workspaces/Dark_Circle/install/pipeline_interfaces/include/pipeline_interfaces/pipeline_interfaces/msg/sensor_data_window.hpp
[19.960s] -- Up-to-date: /workspaces/Dark_Circle/install/pipeline_interfaces/include/pipeline_interfaces/pipeline_interfaces/msg/detail
[19.960s] -- Installing: /workspaces/Dark_Circle/install/pipeline_interfaces/include/pipeline_interfaces/pipeline_interfaces/msg/detail/raw_sensor_reading__type_support.hpp
[19.962s] -- Installing: /workspaces/Dark_Circle/install/pipeline_interfaces/include/pipeline_interfaces/pipeline_interfaces/msg/detail/raw_sensor_reading__struct.hpp
[19.963s] -- Installing: /workspaces/Dark_Circle/install/pipeline_interfaces/include/pipeline_interfaces/pipeline_interfaces/msg/detail/raw_sensor_reading__builder.hpp
[19.965s] -- Installing: /workspaces/Dark_Circle/install/pipeline_interfaces/include/pipeline_interfaces/pipeline_interfaces/msg/detail/sensor_data_window__struct.hpp
[19.966s] -- Installing: /workspaces/Dark_Circle/install/pipeline_interfaces/include/pipeline_interfaces/pipeline_interfaces/msg/detail/sensor_data_window__builder.hpp
[19.968s] -- Installing: /workspaces/Dark_Circle/install/pipeline_interfaces/include/pipeline_interfaces/pipeline_interfaces/msg/detail/raw_sensor_reading__traits.hpp
[19.969s] -- Installing: /workspaces/Dark_Circle/install/pipeline_interfaces/include/pipeline_interfaces/pipeline_interfaces/msg/detail/sensor_data_window__type_support.hpp
[19.970s] -- Installing: /workspaces/Dark_Circle/install/pipeline_interfaces/include/pipeline_interfaces/pipeline_interfaces/msg/detail/sensor_data_window__traits.hpp
[19.972s] -- Installing: /workspaces/Dark_Circle/install/pipeline_interfaces/include/pipeline_interfaces/pipeline_interfaces/msg/rosidl_generator_cpp__visibility_control.hpp
[19.973s] -- Installing: /workspaces/Dark_Circle/install/pipeline_interfaces/include/pipeline_interfaces/pipeline_interfaces/msg/raw_sensor_reading.hpp
[19.974s] -- Up-to-date: /workspaces/Dark_Circle/install/pipeline_interfaces/include/pipeline_interfaces/pipeline_interfaces
[19.974s] -- Up-to-date: /workspaces/Dark_Circle/install/pipeline_interfaces/include/pipeline_interfaces/pipeline_interfaces/msg
[19.975s] -- Installing: /workspaces/Dark_Circle/install/pipeline_interfaces/include/pipeline_interfaces/pipeline_interfaces/msg/rosidl_typesupport_fastrtps_cpp__visibility_control.h
[19.976s] -- Up-to-date: /workspaces/Dark_Circle/install/pipeline_interfaces/include/pipeline_interfaces/pipeline_interfaces/msg/detail
[19.976s] -- Installing: /workspaces/Dark_Circle/install/pipeline_interfaces/include/pipeline_interfaces/pipeline_interfaces/msg/detail/raw_sensor_reading__rosidl_typesupport_fastrtps_cpp.hpp
[19.977s] -- Installing: /workspaces/Dark_Circle/install/pipeline_interfaces/include/pipeline_interfaces/pipeline_interfaces/msg/detail/sensor_data_window__rosidl_typesupport_fastrtps_cpp.hpp
[19.979s] -- Installing: /workspaces/Dark_Circle/install/pipeline_interfaces/include/pipeline_interfaces/pipeline_interfaces/msg/detail/dds_fastrtps
[19.980s] -- Installing: /workspaces/Dark_Circle/install/pipeline_interfaces/lib/libpipeline_interfaces__rosidl_typesupport_fastrtps_cpp.so
[19.982s] -- Set non-toolchain portion of runtime path of "/workspaces/Dark_Circle/install/pipeline_interfaces/lib/libpipeline_interfaces__rosidl_typesupport_fastrtps_cpp.so" to ""
[19.982s] -- Up-to-date: /workspaces/Dark_Circle/install/pipeline_interfaces/include/pipeline_interfaces/pipeline_interfaces
[19.982s] -- Up-to-date: /workspaces/Dark_Circle/install/pipeline_interfaces/include/pipeline_interfaces/pipeline_interfaces/msg
[19.983s] -- Up-to-date: /workspaces/Dark_Circle/install/pipeline_interfaces/include/pipeline_interfaces/pipeline_interfaces/msg/detail
[19.984s] -- Installing: /workspaces/Dark_Circle/install/pipeline_interfaces/include/pipeline_interfaces/pipeline_interfaces/msg/detail/sensor_data_window__type_support.cpp
[19.985s] -- Installing: /workspaces/Dark_Circle/install/pipeline_interfaces/include/pipeline_interfaces/pipeline_interfaces/msg/detail/raw_sensor_reading__type_support.cpp
[19.986s] -- Installing: /workspaces/Dark_Circle/install/pipeline_interfaces/include/pipeline_interfaces/pipeline_interfaces/msg/detail/sensor_data_window__rosidl_typesupport_introspection_cpp.hpp
[19.988s] -- Installing: /workspaces/Dark_Circle/install/pipeline_interfaces/include/pipeline_interfaces/pipeline_interfaces/msg/detail/raw_sensor_reading__rosidl_typesupport_introspection_cpp.hpp
[19.989s] -- Installing: /workspaces/Dark_Circle/install/pipeline_interfaces/lib/libpipeline_interfaces__rosidl_typesupport_introspection_cpp.so
[19.991s] -- Set non-toolchain portion of runtime path of "/workspaces/Dark_Circle/install/pipeline_interfaces/lib/libpipeline_interfaces__rosidl_typesupport_introspection_cpp.so" to ""
[19.991s] -- Installing: /workspaces/Dark_Circle/install/pipeline_interfaces/lib/libpipeline_interfaces__rosidl_typesupport_cpp.so
[19.993s] -- Set non-toolchain portion of runtime path of "/workspaces/Dark_Circle/install/pipeline_interfaces/lib/libpipeline_interfaces__rosidl_typesupport_cpp.so" to ""
[19.993s] -- Installing: /workspaces/Dark_Circle/install/pipeline_interfaces/share/pipeline_interfaces/environment/pythonpath.sh
[19.995s] -- Installing: /workspaces/Dark_Circle/install/pipeline_interfaces/share/pipeline_interfaces/environment/pythonpath.dsv
[19.996s] -- Installing: /workspaces/Dark_Circle/install/pipeline_interfaces/lib/python3.12/site-packages/pipeline_interfaces-0.0.0-py3.12.egg-info
[19.997s] -- Installing: /workspaces/Dark_Circle/install/pipeline_interfaces/lib/python3.12/site-packages/pipeline_interfaces-0.0.0-py3.12.egg-info/PKG-INFO
[19.998s] -- Installing: /workspaces/Dark_Circle/install/pipeline_interfaces/lib/python3.12/site-packages/pipeline_interfaces-0.0.0-py3.12.egg-info/SOURCES.txt
[20.000s] -- Installing: /workspaces/Dark_Circle/install/pipeline_interfaces/lib/python3.12/site-packages/pipeline_interfaces-0.0.0-py3.12.egg-info/top_level.txt
[20.001s] -- Installing: /workspaces/Dark_Circle/install/pipeline_interfaces/lib/python3.12/site-packages/pipeline_interfaces-0.0.0-py3.12.egg-info/dependency_links.txt
[20.003s] -- Installing: /workspaces/Dark_Circle/install/pipeline_interfaces/lib/python3.12/site-packages/pipeline_interfaces
[20.003s] -- Installing: /workspaces/Dark_Circle/install/pipeline_interfaces/lib/python3.12/site-packages/pipeline_interfaces/pipeline_interfaces_s__rosidl_typesupport_c.so
[20.005s] -- Installing: /workspaces/Dark_Circle/install/pipeline_interfaces/lib/python3.12/site-packages/pipeline_interfaces/msg
[20.006s] -- Installing: /workspaces/Dark_Circle/install/pipeline_interfaces/lib/python3.12/site-packages/pipeline_interfaces/msg/_sensor_data_window_s.c
[20.007s] -- Installing: /workspaces/Dark_Circle/install/pipeline_interfaces/lib/python3.12/site-packages/pipeline_interfaces/msg/__init__.py
[20.008s] -- Installing: /workspaces/Dark_Circle/install/pipeline_interfaces/lib/python3.12/site-packages/pipeline_interfaces/msg/_sensor_data_window.py
[20.010s] -- Installing: /workspaces/Dark_Circle/install/pipeline_interfaces/lib/python3.12/site-packages/pipeline_interfaces/msg/_raw_sensor_reading_s.c
[20.011s] -- Installing: /workspaces/Dark_Circle/install/pipeline_interfaces/lib/python3.12/site-packages/pipeline_interfaces/msg/_raw_sensor_reading.py
[20.013s] -- Installing: /workspaces/Dark_Circle/install/pipeline_interfaces/lib/python3.12/site-packages/pipeline_interfaces/pipeline_interfaces_s__rosidl_typesupport_fastrtps_c.so
[20.014s] -- Installing: /workspaces/Dark_Circle/install/pipeline_interfaces/lib/python3.12/site-packages/pipeline_interfaces/__init__.py
[20.015s] -- Installing: /workspaces/Dark_Circle/install/pipeline_interfaces/lib/python3.12/site-packages/pipeline_interfaces/_pipeline_interfaces_s.ep.rosidl_typesupport_introspection_c.c
[20.016s] -- Installing: /workspaces/Dark_Circle/install/pipeline_interfaces/lib/python3.12/site-packages/pipeline_interfaces/pipeline_interfaces_s__rosidl_typesupport_introspection_c.so
[20.018s] -- Installing: /workspaces/Dark_Circle/install/pipeline_interfaces/lib/python3.12/site-packages/pipeline_interfaces/_pipeline_interfaces_s.ep.rosidl_typesupport_fastrtps_c.c
[20.019s] -- Installing: /workspaces/Dark_Circle/install/pipeline_interfaces/lib/python3.12/site-packages/pipeline_interfaces/_pipeline_interfaces_s.ep.rosidl_typesupport_c.c
[20.146s] Listing '/workspaces/Dark_Circle/install/pipeline_interfaces/lib/python3.12/site-packages/pipeline_interfaces'...
[20.147s] Compiling '/workspaces/Dark_Circle/install/pipeline_interfaces/lib/python3.12/site-packages/pipeline_interfaces/__init__.py'...
[20.148s] Listing '/workspaces/Dark_Circle/install/pipeline_interfaces/lib/python3.12/site-packages/pipeline_interfaces/msg'...
[20.150s] Compiling '/workspaces/Dark_Circle/install/pipeline_interfaces/lib/python3.12/site-packages/pipeline_interfaces/msg/__init__.py'...
[20.151s] Compiling '/workspaces/Dark_Circle/install/pipeline_interfaces/lib/python3.12/site-packages/pipeline_interfaces/msg/_raw_sensor_reading.py'...
[20.151s] Compiling '/workspaces/Dark_Circle/install/pipeline_interfaces/lib/python3.12/site-packages/pipeline_interfaces/msg/_sensor_data_window.py'...
[20.156s] -- Installing: /workspaces/Dark_Circle/install/pipeline_interfaces/lib/python3.12/site-packages/pipeline_interfaces/pipeline_interfaces_s__rosidl_typesupport_fastrtps_c.so
[20.158s] -- Set non-toolchain portion of runtime path of "/workspaces/Dark_Circle/install/pipeline_interfaces/lib/python3.12/site-packages/pipeline_interfaces/pipeline_interfaces_s__rosidl_typesupport_fastrtps_c.so" to ""
[20.160s] -- Installing: /workspaces/Dark_Circle/install/pipeline_interfaces/lib/python3.12/site-packages/pipeline_interfaces/pipeline_interfaces_s__rosidl_typesupport_introspection_c.so
[20.162s] -- Set non-toolchain portion of runtime path of "/workspaces/Dark_Circle/install/pipeline_interfaces/lib/python3.12/site-packages/pipeline_interfaces/pipeline_interfaces_s__rosidl_typesupport_introspection_c.so" to ""
[20.162s] -- Installing: /workspaces/Dark_Circle/install/pipeline_interfaces/lib/python3.12/site-packages/pipeline_interfaces/pipeline_interfaces_s__rosidl_typesupport_c.so
[20.164s] -- Set non-toolchain portion of runtime path of "/workspaces/Dark_Circle/install/pipeline_interfaces/lib/python3.12/site-packages/pipeline_interfaces/pipeline_interfaces_s__rosidl_typesupport_c.so" to ""
[20.165s] -- Installing: /workspaces/Dark_Circle/install/pipeline_interfaces/lib/libpipeline_interfaces__rosidl_generator_py.so
[20.166s] -- Set non-toolchain portion of runtime path of "/workspaces/Dark_Circle/install/pipeline_interfaces/lib/libpipeline_interfaces__rosidl_generator_py.so" to ""
[20.167s] -- Installing: /workspaces/Dark_Circle/install/pipeline_interfaces/share/pipeline_interfaces/msg/RawSensorReading.idl
[20.169s] -- Installing: /workspaces/Dark_Circle/install/pipeline_interfaces/share/pipeline_interfaces/msg/SensorDataWindow.idl
[20.170s] -- Installing: /workspaces/Dark_Circle/install/pipeline_interfaces/share/pipeline_interfaces/msg/RawSensorReading.msg
[20.172s] -- Installing: /workspaces/Dark_Circle/install/pipeline_interfaces/share/pipeline_interfaces/msg/SensorDataWindow.msg
[20.174s] -- Installing: /workspaces/Dark_Circle/install/pipeline_interfaces/share/ament_index/resource_index/package_run_dependencies/pipeline_interfaces
[20.175s] -- Installing: /workspaces/Dark_Circle/install/pipeline_interfaces/share/ament_index/resource_index/parent_prefix_path/pipeline_interfaces
[20.177s] -- Installing: /workspaces/Dark_Circle/install/pipeline_interfaces/share/pipeline_interfaces/environment/ament_prefix_path.sh
[20.178s] -- Installing: /workspaces/Dark_Circle/install/pipeline_interfaces/share/pipeline_interfaces/environment/ament_prefix_path.dsv
[20.180s] -- Installing: /workspaces/Dark_Circle/install/pipeline_interfaces/share/pipeline_interfaces/environment/path.sh
[20.181s] -- Installing: /workspaces/Dark_Circle/install/pipeline_interfaces/share/pipeline_interfaces/environment/path.dsv
[20.182s] -- Installing: /workspaces/Dark_Circle/install/pipeline_interfaces/share/pipeline_interfaces/local_setup.bash
[20.183s] -- Installing: /workspaces/Dark_Circle/install/pipeline_interfaces/share/pipeline_interfaces/local_setup.sh
[20.185s] -- Installing: /workspaces/Dark_Circle/install/pipeline_interfaces/share/pipeline_interfaces/local_setup.zsh
[20.186s] -- Installing: /workspaces/Dark_Circle/install/pipeline_interfaces/share/pipeline_interfaces/local_setup.dsv
[20.187s] -- Installing: /workspaces/Dark_Circle/install/pipeline_interfaces/share/pipeline_interfaces/package.dsv
[20.189s] -- Installing: /workspaces/Dark_Circle/install/pipeline_interfaces/share/ament_index/resource_index/packages/pipeline_interfaces
[20.191s] -- Installing: /workspaces/Dark_Circle/install/pipeline_interfaces/share/pipeline_interfaces/cmake/export_pipeline_interfaces__rosidl_generator_cExport.cmake
[20.192s] -- Installing: /workspaces/Dark_Circle/install/pipeline_interfaces/share/pipeline_interfaces/cmake/export_pipeline_interfaces__rosidl_generator_cExport-noconfig.cmake
[20.194s] -- Installing: /workspaces/Dark_Circle/install/pipeline_interfaces/share/pipeline_interfaces/cmake/export_pipeline_interfaces__rosidl_typesupport_fastrtps_cExport.cmake
[20.196s] -- Installing: /workspaces/Dark_Circle/install/pipeline_interfaces/share/pipeline_interfaces/cmake/export_pipeline_interfaces__rosidl_typesupport_fastrtps_cExport-noconfig.cmake
[20.199s] -- Installing: /workspaces/Dark_Circle/install/pipeline_interfaces/share/pipeline_interfaces/cmake/pipeline_interfaces__rosidl_typesupport_introspection_cExport.cmake
[20.201s] -- Installing: /workspaces/Dark_Circle/install/pipeline_interfaces/share/pipeline_interfaces/cmake/pipeline_interfaces__rosidl_typesupport_introspection_cExport-noconfig.cmake
[20.205s] -- Installing: /workspaces/Dark_Circle/install/pipeline_interfaces/share/pipeline_interfaces/cmake/pipeline_interfaces__rosidl_typesupport_cExport.cmake
[20.208s] -- Installing: /workspaces/Dark_Circle/install/pipeline_interfaces/share/pipeline_interfaces/cmake/pipeline_interfaces__rosidl_typesupport_cExport-noconfig.cmake
[20.210s] -- Installing: /workspaces/Dark_Circle/install/pipeline_interfaces/share/pipeline_interfaces/cmake/export_pipeline_interfaces__rosidl_generator_cppExport.cmake
[20.211s] -- Installing: /workspaces/Dark_Circle/install/pipeline_interfaces/share/pipeline_interfaces/cmake/export_pipeline_interfaces__rosidl_typesupport_fastrtps_cppExport.cmake
[20.213s] -- Installing: /workspaces/Dark_Circle/install/pipeline_interfaces/share/pipeline_interfaces/cmake/export_pipeline_interfaces__rosidl_typesupport_fastrtps_cppExport-noconfig.cmake
[20.215s] -- Installing: /workspaces/Dark_Circle/install/pipeline_interfaces/share/pipeline_interfaces/cmake/pipeline_interfaces__rosidl_typesupport_introspection_cppExport.cmake
[20.216s] -- Installing: /workspaces/Dark_Circle/install/pipeline_interfaces/share/pipeline_interfaces/cmake/pipeline_interfaces__rosidl_typesupport_introspection_cppExport-noconfig.cmake
[20.218s] -- Installing: /workspaces/Dark_Circle/install/pipeline_interfaces/share/pipeline_interfaces/cmake/pipeline_interfaces__rosidl_typesupport_cppExport.cmake
[20.220s] -- Installing: /workspaces/Dark_Circle/install/pipeline_interfaces/share/pipeline_interfaces/cmake/pipeline_interfaces__rosidl_typesupport_cppExport-noconfig.cmake
[20.221s] -- Installing: /workspaces/Dark_Circle/install/pipeline_interfaces/share/pipeline_interfaces/cmake/export_pipeline_interfaces__rosidl_generator_pyExport.cmake
[20.222s] -- Installing: /workspaces/Dark_Circle/install/pipeline_interfaces/share/pipeline_interfaces/cmake/export_pipeline_interfaces__rosidl_generator_pyExport-noconfig.cmake
[20.224s] -- Installing: /workspaces/Dark_Circle/install/pipeline_interfaces/share/pipeline_interfaces/cmake/rosidl_cmake-extras.cmake
[20.225s] -- Installing: /workspaces/Dark_Circle/install/pipeline_interfaces/share/pipeline_interfaces/cmake/ament_cmake_export_dependencies-extras.cmake
[20.226s] -- Installing: /workspaces/Dark_Circle/install/pipeline_interfaces/share/pipeline_interfaces/cmake/ament_cmake_export_include_directories-extras.cmake
[20.228s] -- Installing: /workspaces/Dark_Circle/install/pipeline_interfaces/share/pipeline_interfaces/cmake/ament_cmake_export_libraries-extras.cmake
[20.230s] -- Installing: /workspaces/Dark_Circle/install/pipeline_interfaces/share/pipeline_interfaces/cmake/ament_cmake_export_targets-extras.cmake
[20.231s] -- Installing: /workspaces/Dark_Circle/install/pipeline_interfaces/share/pipeline_interfaces/cmake/rosidl_cmake_export_typesupport_targets-extras.cmake
[20.232s] -- Installing: /workspaces/Dark_Circle/install/pipeline_interfaces/share/pipeline_interfaces/cmake/rosidl_cmake_export_typesupport_libraries-extras.cmake
[20.234s] -- Installing: /workspaces/Dark_Circle/install/pipeline_interfaces/share/pipeline_interfaces/cmake/pipeline_interfacesConfig.cmake
[20.235s] -- Installing: /workspaces/Dark_Circle/install/pipeline_interfaces/share/pipeline_interfaces/cmake/pipeline_interfacesConfig-version.cmake
[20.236s] -- Installing: /workspaces/Dark_Circle/install/pipeline_interfaces/share/pipeline_interfaces/package.xml
[20.245s] Invoked command in '/workspaces/Dark_Circle/build/pipeline_interfaces' returned '0': CMAKE_PREFIX_PATH=${CMAKE_PREFIX_PATH}:/opt/ros/jazzy /usr/bin/cmake --install /workspaces/Dark_Circle/build/pipeline_interfaces
