[0.103s] DEBUG:colcon:Command line arguments: ['/usr/bin/colcon', 'build', '--packages-select', 'pipeline_interfaces']
[0.104s] DEBUG:colcon:Parsed command line arguments: Namespace(log_base=None, log_level=None, verb_name='build', build_base='build', install_base='install', merge_install=False, symlink_install=False, test_result_base=None, continue_on_error=False, executor='parallel', parallel_workers=12, event_handlers=None, ignore_user_meta=False, metas=['./colcon.meta'], base_paths=['.'], packages_ignore=None, packages_ignore_regex=None, paths=None, packages_up_to=None, packages_up_to_regex=None, packages_above=None, packages_above_and_dependencies=None, packages_above_depth=None, packages_select_by_dep=None, packages_skip_by_dep=None, packages_skip_up_to=None, packages_select_build_failed=False, packages_skip_build_finished=False, packages_select_test_failures=False, packages_skip_test_passed=False, packages_select=['pipeline_interfaces'], packages_skip=None, packages_select_regex=None, packages_skip_regex=None, packages_start=None, packages_end=None, cmake_args=None, cmake_target=None, cmake_target_skip_unavailable=False, cmake_clean_cache=False, cmake_clean_first=False, cmake_force_configure=False, ament_cmake_args=None, catkin_cmake_args=None, catkin_skip_building_tests=False, mixin_files=None, mixin=None, verb_parser=<colcon_mixin.mixin.mixin_argument.MixinArgumentDecorator object at 0x7ffffe1bca10>, verb_extension=<colcon_core.verb.build.BuildVerb object at 0x7ffffe1bc7d0>, main=<bound method BuildVerb.main of <colcon_core.verb.build.BuildVerb object at 0x7ffffe1bc7d0>>, mixin_verb=('build',))
[0.136s] Level 1:colcon.colcon_core.package_discovery:discover_packages(colcon_meta) check parameters
[0.136s] Level 1:colcon.colcon_core.package_discovery:discover_packages(recursive) check parameters
[0.136s] Level 1:colcon.colcon_core.package_discovery:discover_packages(ignore) check parameters
[0.136s] Level 1:colcon.colcon_core.package_discovery:discover_packages(path) check parameters
[0.137s] Level 1:colcon.colcon_core.package_discovery:discover_packages(colcon_meta) discover
[0.137s] Level 1:colcon.colcon_core.package_discovery:discover_packages(recursive) discover
[0.137s] INFO:colcon.colcon_core.package_discovery:Crawling recursively for packages in '/workspaces/Dark_Circle'
[0.137s] Level 1:colcon.colcon_core.package_identification:_identify(.) by extensions ['ignore', 'ignore_ament_install']
[0.138s] Level 1:colcon.colcon_core.package_identification:_identify(.) by extension 'ignore'
[0.138s] Level 1:colcon.colcon_core.package_identification:_identify(.) by extension 'ignore_ament_install'
[0.138s] Level 1:colcon.colcon_core.package_identification:_identify(.) by extensions ['colcon_pkg']
[0.138s] Level 1:colcon.colcon_core.package_identification:_identify(.) by extension 'colcon_pkg'
[0.138s] Level 1:colcon.colcon_core.package_identification:_identify(.) by extensions ['colcon_meta']
[0.138s] Level 1:colcon.colcon_core.package_identification:_identify(.) by extension 'colcon_meta'
[0.138s] Level 1:colcon.colcon_core.package_identification:_identify(.) by extensions ['ros']
[0.138s] Level 1:colcon.colcon_core.package_identification:_identify(.) by extension 'ros'
[0.160s] Level 1:colcon.colcon_core.package_identification:_identify(.) by extensions ['cmake', 'python']
[0.160s] Level 1:colcon.colcon_core.package_identification:_identify(.) by extension 'cmake'
[0.160s] Level 1:colcon.colcon_core.package_identification:_identify(.) by extension 'python'
[0.160s] Level 1:colcon.colcon_core.package_identification:_identify(.) by extensions ['python_setup_py']
[0.160s] Level 1:colcon.colcon_core.package_identification:_identify(.) by extension 'python_setup_py'
[0.161s] Level 1:colcon.colcon_core.package_identification:_identify(acoustic_sensor_pkg) by extensions ['ignore', 'ignore_ament_install']
[0.161s] Level 1:colcon.colcon_core.package_identification:_identify(acoustic_sensor_pkg) by extension 'ignore'
[0.161s] Level 1:colcon.colcon_core.package_identification:_identify(acoustic_sensor_pkg) by extension 'ignore_ament_install'
[0.161s] Level 1:colcon.colcon_core.package_identification:_identify(acoustic_sensor_pkg) by extensions ['colcon_pkg']
[0.161s] Level 1:colcon.colcon_core.package_identification:_identify(acoustic_sensor_pkg) by extension 'colcon_pkg'
[0.161s] Level 1:colcon.colcon_core.package_identification:_identify(acoustic_sensor_pkg) by extensions ['colcon_meta']
[0.161s] Level 1:colcon.colcon_core.package_identification:_identify(acoustic_sensor_pkg) by extension 'colcon_meta'
[0.161s] Level 1:colcon.colcon_core.package_identification:_identify(acoustic_sensor_pkg) by extensions ['ros']
[0.161s] Level 1:colcon.colcon_core.package_identification:_identify(acoustic_sensor_pkg) by extension 'ros'
[0.167s] DEBUG:colcon.colcon_core.package_identification:Package 'acoustic_sensor_pkg' with type 'ros.ament_python' and name 'acoustic_sensor_pkg'
[0.167s] Level 1:colcon.colcon_core.package_identification:_identify(build) by extensions ['ignore', 'ignore_ament_install']
[0.167s] Level 1:colcon.colcon_core.package_identification:_identify(build) by extension 'ignore'
[0.167s] Level 1:colcon.colcon_core.package_identification:_identify(build) ignored
[0.167s] Level 1:colcon.colcon_core.package_identification:_identify(install) by extensions ['ignore', 'ignore_ament_install']
[0.168s] Level 1:colcon.colcon_core.package_identification:_identify(install) by extension 'ignore'
[0.168s] Level 1:colcon.colcon_core.package_identification:_identify(install) ignored
[0.168s] Level 1:colcon.colcon_core.package_identification:_identify(log) by extensions ['ignore', 'ignore_ament_install']
[0.168s] Level 1:colcon.colcon_core.package_identification:_identify(log) by extension 'ignore'
[0.168s] Level 1:colcon.colcon_core.package_identification:_identify(log) ignored
[0.168s] Level 1:colcon.colcon_core.package_identification:_identify(model-train) by extensions ['ignore', 'ignore_ament_install']
[0.168s] Level 1:colcon.colcon_core.package_identification:_identify(model-train) by extension 'ignore'
[0.169s] Level 1:colcon.colcon_core.package_identification:_identify(model-train) by extension 'ignore_ament_install'
[0.169s] Level 1:colcon.colcon_core.package_identification:_identify(model-train) by extensions ['colcon_pkg']
[0.169s] Level 1:colcon.colcon_core.package_identification:_identify(model-train) by extension 'colcon_pkg'
[0.169s] Level 1:colcon.colcon_core.package_identification:_identify(model-train) by extensions ['colcon_meta']
[0.169s] Level 1:colcon.colcon_core.package_identification:_identify(model-train) by extension 'colcon_meta'
[0.169s] Level 1:colcon.colcon_core.package_identification:_identify(model-train) by extensions ['ros']
[0.169s] Level 1:colcon.colcon_core.package_identification:_identify(model-train) by extension 'ros'
[0.169s] Level 1:colcon.colcon_core.package_identification:_identify(model-train) by extensions ['cmake', 'python']
[0.169s] Level 1:colcon.colcon_core.package_identification:_identify(model-train) by extension 'cmake'
[0.169s] Level 1:colcon.colcon_core.package_identification:_identify(model-train) by extension 'python'
[0.169s] Level 1:colcon.colcon_core.package_identification:_identify(model-train) by extensions ['python_setup_py']
[0.169s] Level 1:colcon.colcon_core.package_identification:_identify(model-train) by extension 'python_setup_py'
[0.170s] Level 1:colcon.colcon_core.package_identification:_identify(raw_data) by extensions ['ignore', 'ignore_ament_install']
[0.170s] Level 1:colcon.colcon_core.package_identification:_identify(raw_data) by extension 'ignore'
[0.170s] Level 1:colcon.colcon_core.package_identification:_identify(raw_data) by extension 'ignore_ament_install'
[0.170s] Level 1:colcon.colcon_core.package_identification:_identify(raw_data) by extensions ['colcon_pkg']
[0.170s] Level 1:colcon.colcon_core.package_identification:_identify(raw_data) by extension 'colcon_pkg'
[0.170s] Level 1:colcon.colcon_core.package_identification:_identify(raw_data) by extensions ['colcon_meta']
[0.170s] Level 1:colcon.colcon_core.package_identification:_identify(raw_data) by extension 'colcon_meta'
[0.170s] Level 1:colcon.colcon_core.package_identification:_identify(raw_data) by extensions ['ros']
[0.170s] Level 1:colcon.colcon_core.package_identification:_identify(raw_data) by extension 'ros'
[0.170s] Level 1:colcon.colcon_core.package_identification:_identify(raw_data) by extensions ['cmake', 'python']
[0.170s] Level 1:colcon.colcon_core.package_identification:_identify(raw_data) by extension 'cmake'
[0.170s] Level 1:colcon.colcon_core.package_identification:_identify(raw_data) by extension 'python'
[0.171s] Level 1:colcon.colcon_core.package_identification:_identify(raw_data) by extensions ['python_setup_py']
[0.171s] Level 1:colcon.colcon_core.package_identification:_identify(raw_data) by extension 'python_setup_py'
[0.171s] Level 1:colcon.colcon_core.package_identification:_identify(raw_data/Polaris0150pm) by extensions ['ignore', 'ignore_ament_install']
[0.171s] Level 1:colcon.colcon_core.package_identification:_identify(raw_data/Polaris0150pm) by extension 'ignore'
[0.171s] Level 1:colcon.colcon_core.package_identification:_identify(raw_data/Polaris0150pm) by extension 'ignore_ament_install'
[0.171s] Level 1:colcon.colcon_core.package_identification:_identify(raw_data/Polaris0150pm) by extensions ['colcon_pkg']
[0.171s] Level 1:colcon.colcon_core.package_identification:_identify(raw_data/Polaris0150pm) by extension 'colcon_pkg'
[0.171s] Level 1:colcon.colcon_core.package_identification:_identify(raw_data/Polaris0150pm) by extensions ['colcon_meta']
[0.172s] Level 1:colcon.colcon_core.package_identification:_identify(raw_data/Polaris0150pm) by extension 'colcon_meta'
[0.172s] Level 1:colcon.colcon_core.package_identification:_identify(raw_data/Polaris0150pm) by extensions ['ros']
[0.172s] Level 1:colcon.colcon_core.package_identification:_identify(raw_data/Polaris0150pm) by extension 'ros'
[0.172s] Level 1:colcon.colcon_core.package_identification:_identify(raw_data/Polaris0150pm) by extensions ['cmake', 'python']
[0.172s] Level 1:colcon.colcon_core.package_identification:_identify(raw_data/Polaris0150pm) by extension 'cmake'
[0.172s] Level 1:colcon.colcon_core.package_identification:_identify(raw_data/Polaris0150pm) by extension 'python'
[0.172s] Level 1:colcon.colcon_core.package_identification:_identify(raw_data/Polaris0150pm) by extensions ['python_setup_py']
[0.172s] Level 1:colcon.colcon_core.package_identification:_identify(raw_data/Polaris0150pm) by extension 'python_setup_py'
[0.172s] Level 1:colcon.colcon_core.package_identification:_identify(raw_data/Polaris0150pm/rs1) by extensions ['ignore', 'ignore_ament_install']
[0.172s] Level 1:colcon.colcon_core.package_identification:_identify(raw_data/Polaris0150pm/rs1) by extension 'ignore'
[0.173s] Level 1:colcon.colcon_core.package_identification:_identify(raw_data/Polaris0150pm/rs1) by extension 'ignore_ament_install'
[0.173s] Level 1:colcon.colcon_core.package_identification:_identify(raw_data/Polaris0150pm/rs1) by extensions ['colcon_pkg']
[0.173s] Level 1:colcon.colcon_core.package_identification:_identify(raw_data/Polaris0150pm/rs1) by extension 'colcon_pkg'
[0.173s] Level 1:colcon.colcon_core.package_identification:_identify(raw_data/Polaris0150pm/rs1) by extensions ['colcon_meta']
[0.173s] Level 1:colcon.colcon_core.package_identification:_identify(raw_data/Polaris0150pm/rs1) by extension 'colcon_meta'
[0.173s] Level 1:colcon.colcon_core.package_identification:_identify(raw_data/Polaris0150pm/rs1) by extensions ['ros']
[0.173s] Level 1:colcon.colcon_core.package_identification:_identify(raw_data/Polaris0150pm/rs1) by extension 'ros'
[0.173s] Level 1:colcon.colcon_core.package_identification:_identify(raw_data/Polaris0150pm/rs1) by extensions ['cmake', 'python']
[0.173s] Level 1:colcon.colcon_core.package_identification:_identify(raw_data/Polaris0150pm/rs1) by extension 'cmake'
[0.174s] Level 1:colcon.colcon_core.package_identification:_identify(raw_data/Polaris0150pm/rs1) by extension 'python'
[0.174s] Level 1:colcon.colcon_core.package_identification:_identify(raw_data/Polaris0150pm/rs1) by extensions ['python_setup_py']
[0.174s] Level 1:colcon.colcon_core.package_identification:_identify(raw_data/Polaris0150pm/rs1) by extension 'python_setup_py'
[0.174s] Level 1:colcon.colcon_core.package_identification:_identify(raw_data/Polaris0215pm) by extensions ['ignore', 'ignore_ament_install']
[0.174s] Level 1:colcon.colcon_core.package_identification:_identify(raw_data/Polaris0215pm) by extension 'ignore'
[0.174s] Level 1:colcon.colcon_core.package_identification:_identify(raw_data/Polaris0215pm) by extension 'ignore_ament_install'
[0.174s] Level 1:colcon.colcon_core.package_identification:_identify(raw_data/Polaris0215pm) by extensions ['colcon_pkg']
[0.174s] Level 1:colcon.colcon_core.package_identification:_identify(raw_data/Polaris0215pm) by extension 'colcon_pkg'
[0.174s] Level 1:colcon.colcon_core.package_identification:_identify(raw_data/Polaris0215pm) by extensions ['colcon_meta']
[0.174s] Level 1:colcon.colcon_core.package_identification:_identify(raw_data/Polaris0215pm) by extension 'colcon_meta'
[0.174s] Level 1:colcon.colcon_core.package_identification:_identify(raw_data/Polaris0215pm) by extensions ['ros']
[0.175s] Level 1:colcon.colcon_core.package_identification:_identify(raw_data/Polaris0215pm) by extension 'ros'
[0.175s] Level 1:colcon.colcon_core.package_identification:_identify(raw_data/Polaris0215pm) by extensions ['cmake', 'python']
[0.175s] Level 1:colcon.colcon_core.package_identification:_identify(raw_data/Polaris0215pm) by extension 'cmake'
[0.175s] Level 1:colcon.colcon_core.package_identification:_identify(raw_data/Polaris0215pm) by extension 'python'
[0.175s] Level 1:colcon.colcon_core.package_identification:_identify(raw_data/Polaris0215pm) by extensions ['python_setup_py']
[0.175s] Level 1:colcon.colcon_core.package_identification:_identify(raw_data/Polaris0215pm) by extension 'python_setup_py'
[0.175s] Level 1:colcon.colcon_core.package_identification:_identify(raw_data/Polaris0215pm/rs1) by extensions ['ignore', 'ignore_ament_install']
[0.175s] Level 1:colcon.colcon_core.package_identification:_identify(raw_data/Polaris0215pm/rs1) by extension 'ignore'
[0.175s] Level 1:colcon.colcon_core.package_identification:_identify(raw_data/Polaris0215pm/rs1) by extension 'ignore_ament_install'
[0.176s] Level 1:colcon.colcon_core.package_identification:_identify(raw_data/Polaris0215pm/rs1) by extensions ['colcon_pkg']
[0.176s] Level 1:colcon.colcon_core.package_identification:_identify(raw_data/Polaris0215pm/rs1) by extension 'colcon_pkg'
[0.176s] Level 1:colcon.colcon_core.package_identification:_identify(raw_data/Polaris0215pm/rs1) by extensions ['colcon_meta']
[0.176s] Level 1:colcon.colcon_core.package_identification:_identify(raw_data/Polaris0215pm/rs1) by extension 'colcon_meta'
[0.176s] Level 1:colcon.colcon_core.package_identification:_identify(raw_data/Polaris0215pm/rs1) by extensions ['ros']
[0.176s] Level 1:colcon.colcon_core.package_identification:_identify(raw_data/Polaris0215pm/rs1) by extension 'ros'
[0.176s] Level 1:colcon.colcon_core.package_identification:_identify(raw_data/Polaris0215pm/rs1) by extensions ['cmake', 'python']
[0.176s] Level 1:colcon.colcon_core.package_identification:_identify(raw_data/Polaris0215pm/rs1) by extension 'cmake'
[0.176s] Level 1:colcon.colcon_core.package_identification:_identify(raw_data/Polaris0215pm/rs1) by extension 'python'
[0.176s] Level 1:colcon.colcon_core.package_identification:_identify(raw_data/Polaris0215pm/rs1) by extensions ['python_setup_py']
[0.176s] Level 1:colcon.colcon_core.package_identification:_identify(raw_data/Polaris0215pm/rs1) by extension 'python_setup_py'
[0.177s] Level 1:colcon.colcon_core.package_identification:_identify(raw_data/Polaris0235pm-NoLineOfSight) by extensions ['ignore', 'ignore_ament_install']
[0.177s] Level 1:colcon.colcon_core.package_identification:_identify(raw_data/Polaris0235pm-NoLineOfSight) by extension 'ignore'
[0.177s] Level 1:colcon.colcon_core.package_identification:_identify(raw_data/Polaris0235pm-NoLineOfSight) by extension 'ignore_ament_install'
[0.177s] Level 1:colcon.colcon_core.package_identification:_identify(raw_data/Polaris0235pm-NoLineOfSight) by extensions ['colcon_pkg']
[0.177s] Level 1:colcon.colcon_core.package_identification:_identify(raw_data/Polaris0235pm-NoLineOfSight) by extension 'colcon_pkg'
[0.177s] Level 1:colcon.colcon_core.package_identification:_identify(raw_data/Polaris0235pm-NoLineOfSight) by extensions ['colcon_meta']
[0.177s] Level 1:colcon.colcon_core.package_identification:_identify(raw_data/Polaris0235pm-NoLineOfSight) by extension 'colcon_meta'
[0.177s] Level 1:colcon.colcon_core.package_identification:_identify(raw_data/Polaris0235pm-NoLineOfSight) by extensions ['ros']
[0.177s] Level 1:colcon.colcon_core.package_identification:_identify(raw_data/Polaris0235pm-NoLineOfSight) by extension 'ros'
[0.177s] Level 1:colcon.colcon_core.package_identification:_identify(raw_data/Polaris0235pm-NoLineOfSight) by extensions ['cmake', 'python']
[0.177s] Level 1:colcon.colcon_core.package_identification:_identify(raw_data/Polaris0235pm-NoLineOfSight) by extension 'cmake'
[0.178s] Level 1:colcon.colcon_core.package_identification:_identify(raw_data/Polaris0235pm-NoLineOfSight) by extension 'python'
[0.178s] Level 1:colcon.colcon_core.package_identification:_identify(raw_data/Polaris0235pm-NoLineOfSight) by extensions ['python_setup_py']
[0.178s] Level 1:colcon.colcon_core.package_identification:_identify(raw_data/Polaris0235pm-NoLineOfSight) by extension 'python_setup_py'
[0.178s] Level 1:colcon.colcon_core.package_identification:_identify(raw_data/Polaris0235pm-NoLineOfSight/rs1) by extensions ['ignore', 'ignore_ament_install']
[0.178s] Level 1:colcon.colcon_core.package_identification:_identify(raw_data/Polaris0235pm-NoLineOfSight/rs1) by extension 'ignore'
[0.178s] Level 1:colcon.colcon_core.package_identification:_identify(raw_data/Polaris0235pm-NoLineOfSight/rs1) by extension 'ignore_ament_install'
[0.178s] Level 1:colcon.colcon_core.package_identification:_identify(raw_data/Polaris0235pm-NoLineOfSight/rs1) by extensions ['colcon_pkg']
[0.178s] Level 1:colcon.colcon_core.package_identification:_identify(raw_data/Polaris0235pm-NoLineOfSight/rs1) by extension 'colcon_pkg'
[0.178s] Level 1:colcon.colcon_core.package_identification:_identify(raw_data/Polaris0235pm-NoLineOfSight/rs1) by extensions ['colcon_meta']
[0.179s] Level 1:colcon.colcon_core.package_identification:_identify(raw_data/Polaris0235pm-NoLineOfSight/rs1) by extension 'colcon_meta'
[0.179s] Level 1:colcon.colcon_core.package_identification:_identify(raw_data/Polaris0235pm-NoLineOfSight/rs1) by extensions ['ros']
[0.179s] Level 1:colcon.colcon_core.package_identification:_identify(raw_data/Polaris0235pm-NoLineOfSight/rs1) by extension 'ros'
[0.179s] Level 1:colcon.colcon_core.package_identification:_identify(raw_data/Polaris0235pm-NoLineOfSight/rs1) by extensions ['cmake', 'python']
[0.179s] Level 1:colcon.colcon_core.package_identification:_identify(raw_data/Polaris0235pm-NoLineOfSight/rs1) by extension 'cmake'
[0.179s] Level 1:colcon.colcon_core.package_identification:_identify(raw_data/Polaris0235pm-NoLineOfSight/rs1) by extension 'python'
[0.179s] Level 1:colcon.colcon_core.package_identification:_identify(raw_data/Polaris0235pm-NoLineOfSight/rs1) by extensions ['python_setup_py']
[0.179s] Level 1:colcon.colcon_core.package_identification:_identify(raw_data/Polaris0235pm-NoLineOfSight/rs1) by extension 'python_setup_py'
[0.179s] Level 1:colcon.colcon_core.package_identification:_identify(raw_data/Silverado0255pm) by extensions ['ignore', 'ignore_ament_install']
[0.179s] Level 1:colcon.colcon_core.package_identification:_identify(raw_data/Silverado0255pm) by extension 'ignore'
[0.180s] Level 1:colcon.colcon_core.package_identification:_identify(raw_data/Silverado0255pm) by extension 'ignore_ament_install'
[0.180s] Level 1:colcon.colcon_core.package_identification:_identify(raw_data/Silverado0255pm) by extensions ['colcon_pkg']
[0.180s] Level 1:colcon.colcon_core.package_identification:_identify(raw_data/Silverado0255pm) by extension 'colcon_pkg'
[0.180s] Level 1:colcon.colcon_core.package_identification:_identify(raw_data/Silverado0255pm) by extensions ['colcon_meta']
[0.180s] Level 1:colcon.colcon_core.package_identification:_identify(raw_data/Silverado0255pm) by extension 'colcon_meta'
[0.180s] Level 1:colcon.colcon_core.package_identification:_identify(raw_data/Silverado0255pm) by extensions ['ros']
[0.180s] Level 1:colcon.colcon_core.package_identification:_identify(raw_data/Silverado0255pm) by extension 'ros'
[0.180s] Level 1:colcon.colcon_core.package_identification:_identify(raw_data/Silverado0255pm) by extensions ['cmake', 'python']
[0.180s] Level 1:colcon.colcon_core.package_identification:_identify(raw_data/Silverado0255pm) by extension 'cmake'
[0.180s] Level 1:colcon.colcon_core.package_identification:_identify(raw_data/Silverado0255pm) by extension 'python'
[0.180s] Level 1:colcon.colcon_core.package_identification:_identify(raw_data/Silverado0255pm) by extensions ['python_setup_py']
[0.180s] Level 1:colcon.colcon_core.package_identification:_identify(raw_data/Silverado0255pm) by extension 'python_setup_py'
[0.181s] Level 1:colcon.colcon_core.package_identification:_identify(raw_data/Silverado0255pm/rs1) by extensions ['ignore', 'ignore_ament_install']
[0.181s] Level 1:colcon.colcon_core.package_identification:_identify(raw_data/Silverado0255pm/rs1) by extension 'ignore'
[0.181s] Level 1:colcon.colcon_core.package_identification:_identify(raw_data/Silverado0255pm/rs1) by extension 'ignore_ament_install'
[0.181s] Level 1:colcon.colcon_core.package_identification:_identify(raw_data/Silverado0255pm/rs1) by extensions ['colcon_pkg']
[0.181s] Level 1:colcon.colcon_core.package_identification:_identify(raw_data/Silverado0255pm/rs1) by extension 'colcon_pkg'
[0.181s] Level 1:colcon.colcon_core.package_identification:_identify(raw_data/Silverado0255pm/rs1) by extensions ['colcon_meta']
[0.181s] Level 1:colcon.colcon_core.package_identification:_identify(raw_data/Silverado0255pm/rs1) by extension 'colcon_meta'
[0.181s] Level 1:colcon.colcon_core.package_identification:_identify(raw_data/Silverado0255pm/rs1) by extensions ['ros']
[0.182s] Level 1:colcon.colcon_core.package_identification:_identify(raw_data/Silverado0255pm/rs1) by extension 'ros'
[0.182s] Level 1:colcon.colcon_core.package_identification:_identify(raw_data/Silverado0255pm/rs1) by extensions ['cmake', 'python']
[0.182s] Level 1:colcon.colcon_core.package_identification:_identify(raw_data/Silverado0255pm/rs1) by extension 'cmake'
[0.182s] Level 1:colcon.colcon_core.package_identification:_identify(raw_data/Silverado0255pm/rs1) by extension 'python'
[0.182s] Level 1:colcon.colcon_core.package_identification:_identify(raw_data/Silverado0255pm/rs1) by extensions ['python_setup_py']
[0.182s] Level 1:colcon.colcon_core.package_identification:_identify(raw_data/Silverado0255pm/rs1) by extension 'python_setup_py'
[0.183s] Level 1:colcon.colcon_core.package_identification:_identify(raw_data/Silverado0315pm) by extensions ['ignore', 'ignore_ament_install']
[0.183s] Level 1:colcon.colcon_core.package_identification:_identify(raw_data/Silverado0315pm) by extension 'ignore'
[0.183s] Level 1:colcon.colcon_core.package_identification:_identify(raw_data/Silverado0315pm) by extension 'ignore_ament_install'
[0.183s] Level 1:colcon.colcon_core.package_identification:_identify(raw_data/Silverado0315pm) by extensions ['colcon_pkg']
[0.183s] Level 1:colcon.colcon_core.package_identification:_identify(raw_data/Silverado0315pm) by extension 'colcon_pkg'
[0.183s] Level 1:colcon.colcon_core.package_identification:_identify(raw_data/Silverado0315pm) by extensions ['colcon_meta']
[0.184s] Level 1:colcon.colcon_core.package_identification:_identify(raw_data/Silverado0315pm) by extension 'colcon_meta'
[0.184s] Level 1:colcon.colcon_core.package_identification:_identify(raw_data/Silverado0315pm) by extensions ['ros']
[0.184s] Level 1:colcon.colcon_core.package_identification:_identify(raw_data/Silverado0315pm) by extension 'ros'
[0.184s] Level 1:colcon.colcon_core.package_identification:_identify(raw_data/Silverado0315pm) by extensions ['cmake', 'python']
[0.184s] Level 1:colcon.colcon_core.package_identification:_identify(raw_data/Silverado0315pm) by extension 'cmake'
[0.184s] Level 1:colcon.colcon_core.package_identification:_identify(raw_data/Silverado0315pm) by extension 'python'
[0.184s] Level 1:colcon.colcon_core.package_identification:_identify(raw_data/Silverado0315pm) by extensions ['python_setup_py']
[0.184s] Level 1:colcon.colcon_core.package_identification:_identify(raw_data/Silverado0315pm) by extension 'python_setup_py'
[0.184s] Level 1:colcon.colcon_core.package_identification:_identify(raw_data/Silverado0315pm/rs1) by extensions ['ignore', 'ignore_ament_install']
[0.185s] Level 1:colcon.colcon_core.package_identification:_identify(raw_data/Silverado0315pm/rs1) by extension 'ignore'
[0.185s] Level 1:colcon.colcon_core.package_identification:_identify(raw_data/Silverado0315pm/rs1) by extension 'ignore_ament_install'
[0.185s] Level 1:colcon.colcon_core.package_identification:_identify(raw_data/Silverado0315pm/rs1) by extensions ['colcon_pkg']
[0.185s] Level 1:colcon.colcon_core.package_identification:_identify(raw_data/Silverado0315pm/rs1) by extension 'colcon_pkg'
[0.185s] Level 1:colcon.colcon_core.package_identification:_identify(raw_data/Silverado0315pm/rs1) by extensions ['colcon_meta']
[0.185s] Level 1:colcon.colcon_core.package_identification:_identify(raw_data/Silverado0315pm/rs1) by extension 'colcon_meta'
[0.185s] Level 1:colcon.colcon_core.package_identification:_identify(raw_data/Silverado0315pm/rs1) by extensions ['ros']
[0.185s] Level 1:colcon.colcon_core.package_identification:_identify(raw_data/Silverado0315pm/rs1) by extension 'ros'
[0.185s] Level 1:colcon.colcon_core.package_identification:_identify(raw_data/Silverado0315pm/rs1) by extensions ['cmake', 'python']
[0.185s] Level 1:colcon.colcon_core.package_identification:_identify(raw_data/Silverado0315pm/rs1) by extension 'cmake'
[0.185s] Level 1:colcon.colcon_core.package_identification:_identify(raw_data/Silverado0315pm/rs1) by extension 'python'
[0.186s] Level 1:colcon.colcon_core.package_identification:_identify(raw_data/Silverado0315pm/rs1) by extensions ['python_setup_py']
[0.186s] Level 1:colcon.colcon_core.package_identification:_identify(raw_data/Silverado0315pm/rs1) by extension 'python_setup_py'
[0.186s] Level 1:colcon.colcon_core.package_identification:_identify(raw_data/Warhog-NoLineOfSight) by extensions ['ignore', 'ignore_ament_install']
[0.186s] Level 1:colcon.colcon_core.package_identification:_identify(raw_data/Warhog-NoLineOfSight) by extension 'ignore'
[0.186s] Level 1:colcon.colcon_core.package_identification:_identify(raw_data/Warhog-NoLineOfSight) by extension 'ignore_ament_install'
[0.186s] Level 1:colcon.colcon_core.package_identification:_identify(raw_data/Warhog-NoLineOfSight) by extensions ['colcon_pkg']
[0.186s] Level 1:colcon.colcon_core.package_identification:_identify(raw_data/Warhog-NoLineOfSight) by extension 'colcon_pkg'
[0.186s] Level 1:colcon.colcon_core.package_identification:_identify(raw_data/Warhog-NoLineOfSight) by extensions ['colcon_meta']
[0.187s] Level 1:colcon.colcon_core.package_identification:_identify(raw_data/Warhog-NoLineOfSight) by extension 'colcon_meta'
[0.187s] Level 1:colcon.colcon_core.package_identification:_identify(raw_data/Warhog-NoLineOfSight) by extensions ['ros']
[0.187s] Level 1:colcon.colcon_core.package_identification:_identify(raw_data/Warhog-NoLineOfSight) by extension 'ros'
[0.187s] Level 1:colcon.colcon_core.package_identification:_identify(raw_data/Warhog-NoLineOfSight) by extensions ['cmake', 'python']
[0.187s] Level 1:colcon.colcon_core.package_identification:_identify(raw_data/Warhog-NoLineOfSight) by extension 'cmake'
[0.187s] Level 1:colcon.colcon_core.package_identification:_identify(raw_data/Warhog-NoLineOfSight) by extension 'python'
[0.187s] Level 1:colcon.colcon_core.package_identification:_identify(raw_data/Warhog-NoLineOfSight) by extensions ['python_setup_py']
[0.187s] Level 1:colcon.colcon_core.package_identification:_identify(raw_data/Warhog-NoLineOfSight) by extension 'python_setup_py'
[0.188s] Level 1:colcon.colcon_core.package_identification:_identify(raw_data/Warhog-NoLineOfSight/rs1) by extensions ['ignore', 'ignore_ament_install']
[0.188s] Level 1:colcon.colcon_core.package_identification:_identify(raw_data/Warhog-NoLineOfSight/rs1) by extension 'ignore'
[0.188s] Level 1:colcon.colcon_core.package_identification:_identify(raw_data/Warhog-NoLineOfSight/rs1) by extension 'ignore_ament_install'
[0.188s] Level 1:colcon.colcon_core.package_identification:_identify(raw_data/Warhog-NoLineOfSight/rs1) by extensions ['colcon_pkg']
[0.188s] Level 1:colcon.colcon_core.package_identification:_identify(raw_data/Warhog-NoLineOfSight/rs1) by extension 'colcon_pkg'
[0.188s] Level 1:colcon.colcon_core.package_identification:_identify(raw_data/Warhog-NoLineOfSight/rs1) by extensions ['colcon_meta']
[0.188s] Level 1:colcon.colcon_core.package_identification:_identify(raw_data/Warhog-NoLineOfSight/rs1) by extension 'colcon_meta'
[0.188s] Level 1:colcon.colcon_core.package_identification:_identify(raw_data/Warhog-NoLineOfSight/rs1) by extensions ['ros']
[0.188s] Level 1:colcon.colcon_core.package_identification:_identify(raw_data/Warhog-NoLineOfSight/rs1) by extension 'ros'
[0.188s] Level 1:colcon.colcon_core.package_identification:_identify(raw_data/Warhog-NoLineOfSight/rs1) by extensions ['cmake', 'python']
[0.188s] Level 1:colcon.colcon_core.package_identification:_identify(raw_data/Warhog-NoLineOfSight/rs1) by extension 'cmake'
[0.189s] Level 1:colcon.colcon_core.package_identification:_identify(raw_data/Warhog-NoLineOfSight/rs1) by extension 'python'
[0.189s] Level 1:colcon.colcon_core.package_identification:_identify(raw_data/Warhog-NoLineOfSight/rs1) by extensions ['python_setup_py']
[0.189s] Level 1:colcon.colcon_core.package_identification:_identify(raw_data/Warhog-NoLineOfSight/rs1) by extension 'python_setup_py'
[0.189s] Level 1:colcon.colcon_core.package_identification:_identify(raw_data/Warhog1135am) by extensions ['ignore', 'ignore_ament_install']
[0.189s] Level 1:colcon.colcon_core.package_identification:_identify(raw_data/Warhog1135am) by extension 'ignore'
[0.189s] Level 1:colcon.colcon_core.package_identification:_identify(raw_data/Warhog1135am) by extension 'ignore_ament_install'
[0.189s] Level 1:colcon.colcon_core.package_identification:_identify(raw_data/Warhog1135am) by extensions ['colcon_pkg']
[0.189s] Level 1:colcon.colcon_core.package_identification:_identify(raw_data/Warhog1135am) by extension 'colcon_pkg'
[0.189s] Level 1:colcon.colcon_core.package_identification:_identify(raw_data/Warhog1135am) by extensions ['colcon_meta']
[0.189s] Level 1:colcon.colcon_core.package_identification:_identify(raw_data/Warhog1135am) by extension 'colcon_meta'
[0.189s] Level 1:colcon.colcon_core.package_identification:_identify(raw_data/Warhog1135am) by extensions ['ros']
[0.189s] Level 1:colcon.colcon_core.package_identification:_identify(raw_data/Warhog1135am) by extension 'ros'
[0.190s] Level 1:colcon.colcon_core.package_identification:_identify(raw_data/Warhog1135am) by extensions ['cmake', 'python']
[0.190s] Level 1:colcon.colcon_core.package_identification:_identify(raw_data/Warhog1135am) by extension 'cmake'
[0.190s] Level 1:colcon.colcon_core.package_identification:_identify(raw_data/Warhog1135am) by extension 'python'
[0.190s] Level 1:colcon.colcon_core.package_identification:_identify(raw_data/Warhog1135am) by extensions ['python_setup_py']
[0.190s] Level 1:colcon.colcon_core.package_identification:_identify(raw_data/Warhog1135am) by extension 'python_setup_py'
[0.190s] Level 1:colcon.colcon_core.package_identification:_identify(raw_data/Warhog1135am/rs1) by extensions ['ignore', 'ignore_ament_install']
[0.190s] Level 1:colcon.colcon_core.package_identification:_identify(raw_data/Warhog1135am/rs1) by extension 'ignore'
[0.191s] Level 1:colcon.colcon_core.package_identification:_identify(raw_data/Warhog1135am/rs1) by extension 'ignore_ament_install'
[0.191s] Level 1:colcon.colcon_core.package_identification:_identify(raw_data/Warhog1135am/rs1) by extensions ['colcon_pkg']
[0.191s] Level 1:colcon.colcon_core.package_identification:_identify(raw_data/Warhog1135am/rs1) by extension 'colcon_pkg'
[0.191s] Level 1:colcon.colcon_core.package_identification:_identify(raw_data/Warhog1135am/rs1) by extensions ['colcon_meta']
[0.191s] Level 1:colcon.colcon_core.package_identification:_identify(raw_data/Warhog1135am/rs1) by extension 'colcon_meta'
[0.191s] Level 1:colcon.colcon_core.package_identification:_identify(raw_data/Warhog1135am/rs1) by extensions ['ros']
[0.191s] Level 1:colcon.colcon_core.package_identification:_identify(raw_data/Warhog1135am/rs1) by extension 'ros'
[0.192s] Level 1:colcon.colcon_core.package_identification:_identify(raw_data/Warhog1135am/rs1) by extensions ['cmake', 'python']
[0.192s] Level 1:colcon.colcon_core.package_identification:_identify(raw_data/Warhog1135am/rs1) by extension 'cmake'
[0.192s] Level 1:colcon.colcon_core.package_identification:_identify(raw_data/Warhog1135am/rs1) by extension 'python'
[0.192s] Level 1:colcon.colcon_core.package_identification:_identify(raw_data/Warhog1135am/rs1) by extensions ['python_setup_py']
[0.192s] Level 1:colcon.colcon_core.package_identification:_identify(raw_data/Warhog1135am/rs1) by extension 'python_setup_py'
[0.192s] Level 1:colcon.colcon_core.package_identification:_identify(raw_data/Warhog1149am) by extensions ['ignore', 'ignore_ament_install']
[0.192s] Level 1:colcon.colcon_core.package_identification:_identify(raw_data/Warhog1149am) by extension 'ignore'
[0.192s] Level 1:colcon.colcon_core.package_identification:_identify(raw_data/Warhog1149am) by extension 'ignore_ament_install'
[0.192s] Level 1:colcon.colcon_core.package_identification:_identify(raw_data/Warhog1149am) by extensions ['colcon_pkg']
[0.192s] Level 1:colcon.colcon_core.package_identification:_identify(raw_data/Warhog1149am) by extension 'colcon_pkg'
[0.192s] Level 1:colcon.colcon_core.package_identification:_identify(raw_data/Warhog1149am) by extensions ['colcon_meta']
[0.193s] Level 1:colcon.colcon_core.package_identification:_identify(raw_data/Warhog1149am) by extension 'colcon_meta'
[0.193s] Level 1:colcon.colcon_core.package_identification:_identify(raw_data/Warhog1149am) by extensions ['ros']
[0.193s] Level 1:colcon.colcon_core.package_identification:_identify(raw_data/Warhog1149am) by extension 'ros'
[0.193s] Level 1:colcon.colcon_core.package_identification:_identify(raw_data/Warhog1149am) by extensions ['cmake', 'python']
[0.193s] Level 1:colcon.colcon_core.package_identification:_identify(raw_data/Warhog1149am) by extension 'cmake'
[0.193s] Level 1:colcon.colcon_core.package_identification:_identify(raw_data/Warhog1149am) by extension 'python'
[0.193s] Level 1:colcon.colcon_core.package_identification:_identify(raw_data/Warhog1149am) by extensions ['python_setup_py']
[0.193s] Level 1:colcon.colcon_core.package_identification:_identify(raw_data/Warhog1149am) by extension 'python_setup_py'
[0.193s] Level 1:colcon.colcon_core.package_identification:_identify(raw_data/Warhog1149am/rs1) by extensions ['ignore', 'ignore_ament_install']
[0.193s] Level 1:colcon.colcon_core.package_identification:_identify(raw_data/Warhog1149am/rs1) by extension 'ignore'
[0.193s] Level 1:colcon.colcon_core.package_identification:_identify(raw_data/Warhog1149am/rs1) by extension 'ignore_ament_install'
[0.194s] Level 1:colcon.colcon_core.package_identification:_identify(raw_data/Warhog1149am/rs1) by extensions ['colcon_pkg']
[0.194s] Level 1:colcon.colcon_core.package_identification:_identify(raw_data/Warhog1149am/rs1) by extension 'colcon_pkg'
[0.194s] Level 1:colcon.colcon_core.package_identification:_identify(raw_data/Warhog1149am/rs1) by extensions ['colcon_meta']
[0.194s] Level 1:colcon.colcon_core.package_identification:_identify(raw_data/Warhog1149am/rs1) by extension 'colcon_meta'
[0.194s] Level 1:colcon.colcon_core.package_identification:_identify(raw_data/Warhog1149am/rs1) by extensions ['ros']
[0.194s] Level 1:colcon.colcon_core.package_identification:_identify(raw_data/Warhog1149am/rs1) by extension 'ros'
[0.194s] Level 1:colcon.colcon_core.package_identification:_identify(raw_data/Warhog1149am/rs1) by extensions ['cmake', 'python']
[0.194s] Level 1:colcon.colcon_core.package_identification:_identify(raw_data/Warhog1149am/rs1) by extension 'cmake'
[0.194s] Level 1:colcon.colcon_core.package_identification:_identify(raw_data/Warhog1149am/rs1) by extension 'python'
[0.194s] Level 1:colcon.colcon_core.package_identification:_identify(raw_data/Warhog1149am/rs1) by extensions ['python_setup_py']
[0.194s] Level 1:colcon.colcon_core.package_identification:_identify(raw_data/Warhog1149am/rs1) by extension 'python_setup_py'
[0.195s] Level 1:colcon.colcon_core.package_identification:_identify(ros2_ws) by extensions ['ignore', 'ignore_ament_install']
[0.195s] Level 1:colcon.colcon_core.package_identification:_identify(ros2_ws) by extension 'ignore'
[0.195s] Level 1:colcon.colcon_core.package_identification:_identify(ros2_ws) by extension 'ignore_ament_install'
[0.195s] Level 1:colcon.colcon_core.package_identification:_identify(ros2_ws) by extensions ['colcon_pkg']
[0.195s] Level 1:colcon.colcon_core.package_identification:_identify(ros2_ws) by extension 'colcon_pkg'
[0.195s] Level 1:colcon.colcon_core.package_identification:_identify(ros2_ws) by extensions ['colcon_meta']
[0.195s] Level 1:colcon.colcon_core.package_identification:_identify(ros2_ws) by extension 'colcon_meta'
[0.195s] Level 1:colcon.colcon_core.package_identification:_identify(ros2_ws) by extensions ['ros']
[0.195s] Level 1:colcon.colcon_core.package_identification:_identify(ros2_ws) by extension 'ros'
[0.195s] Level 1:colcon.colcon_core.package_identification:_identify(ros2_ws) by extensions ['cmake', 'python']
[0.195s] Level 1:colcon.colcon_core.package_identification:_identify(ros2_ws) by extension 'cmake'
[0.196s] Level 1:colcon.colcon_core.package_identification:_identify(ros2_ws) by extension 'python'
[0.196s] Level 1:colcon.colcon_core.package_identification:_identify(ros2_ws) by extensions ['python_setup_py']
[0.196s] Level 1:colcon.colcon_core.package_identification:_identify(ros2_ws) by extension 'python_setup_py'
[0.196s] Level 1:colcon.colcon_core.package_identification:_identify(ros2_ws/src) by extensions ['ignore', 'ignore_ament_install']
[0.196s] Level 1:colcon.colcon_core.package_identification:_identify(ros2_ws/src) by extension 'ignore'
[0.197s] Level 1:colcon.colcon_core.package_identification:_identify(ros2_ws/src) by extension 'ignore_ament_install'
[0.197s] Level 1:colcon.colcon_core.package_identification:_identify(ros2_ws/src) by extensions ['colcon_pkg']
[0.197s] Level 1:colcon.colcon_core.package_identification:_identify(ros2_ws/src) by extension 'colcon_pkg'
[0.198s] Level 1:colcon.colcon_core.package_identification:_identify(ros2_ws/src) by extensions ['colcon_meta']
[0.198s] Level 1:colcon.colcon_core.package_identification:_identify(ros2_ws/src) by extension 'colcon_meta'
[0.198s] Level 1:colcon.colcon_core.package_identification:_identify(ros2_ws/src) by extensions ['ros']
[0.198s] Level 1:colcon.colcon_core.package_identification:_identify(ros2_ws/src) by extension 'ros'
[0.198s] Level 1:colcon.colcon_core.package_identification:_identify(ros2_ws/src) by extensions ['cmake', 'python']
[0.198s] Level 1:colcon.colcon_core.package_identification:_identify(ros2_ws/src) by extension 'cmake'
[0.198s] Level 1:colcon.colcon_core.package_identification:_identify(ros2_ws/src) by extension 'python'
[0.198s] Level 1:colcon.colcon_core.package_identification:_identify(ros2_ws/src) by extensions ['python_setup_py']
[0.198s] Level 1:colcon.colcon_core.package_identification:_identify(ros2_ws/src) by extension 'python_setup_py'
[0.199s] Level 1:colcon.colcon_core.package_identification:_identify(ros2_ws/src/classify_pkg) by extensions ['ignore', 'ignore_ament_install']
[0.199s] Level 1:colcon.colcon_core.package_identification:_identify(ros2_ws/src/classify_pkg) by extension 'ignore'
[0.199s] Level 1:colcon.colcon_core.package_identification:_identify(ros2_ws/src/classify_pkg) by extension 'ignore_ament_install'
[0.199s] Level 1:colcon.colcon_core.package_identification:_identify(ros2_ws/src/classify_pkg) by extensions ['colcon_pkg']
[0.199s] Level 1:colcon.colcon_core.package_identification:_identify(ros2_ws/src/classify_pkg) by extension 'colcon_pkg'
[0.200s] Level 1:colcon.colcon_core.package_identification:_identify(ros2_ws/src/classify_pkg) by extensions ['colcon_meta']
[0.200s] Level 1:colcon.colcon_core.package_identification:_identify(ros2_ws/src/classify_pkg) by extension 'colcon_meta'
[0.200s] Level 1:colcon.colcon_core.package_identification:_identify(ros2_ws/src/classify_pkg) by extensions ['ros']
[0.200s] Level 1:colcon.colcon_core.package_identification:_identify(ros2_ws/src/classify_pkg) by extension 'ros'
[0.201s] DEBUG:colcon.colcon_core.package_identification:Package 'ros2_ws/src/classify_pkg' with type 'ros.ament_python' and name 'classify_pkg'
[0.201s] Level 1:colcon.colcon_core.package_identification:_identify(ros2_ws/src/detect_pkg) by extensions ['ignore', 'ignore_ament_install']
[0.201s] Level 1:colcon.colcon_core.package_identification:_identify(ros2_ws/src/detect_pkg) by extension 'ignore'
[0.201s] Level 1:colcon.colcon_core.package_identification:_identify(ros2_ws/src/detect_pkg) by extension 'ignore_ament_install'
[0.201s] Level 1:colcon.colcon_core.package_identification:_identify(ros2_ws/src/detect_pkg) by extensions ['colcon_pkg']
[0.201s] Level 1:colcon.colcon_core.package_identification:_identify(ros2_ws/src/detect_pkg) by extension 'colcon_pkg'
[0.201s] Level 1:colcon.colcon_core.package_identification:_identify(ros2_ws/src/detect_pkg) by extensions ['colcon_meta']
[0.201s] Level 1:colcon.colcon_core.package_identification:_identify(ros2_ws/src/detect_pkg) by extension 'colcon_meta'
[0.201s] Level 1:colcon.colcon_core.package_identification:_identify(ros2_ws/src/detect_pkg) by extensions ['ros']
[0.201s] Level 1:colcon.colcon_core.package_identification:_identify(ros2_ws/src/detect_pkg) by extension 'ros'
[0.202s] DEBUG:colcon.colcon_core.package_identification:Package 'ros2_ws/src/detect_pkg' with type 'ros.ament_python' and name 'detect_pkg'
[0.202s] Level 1:colcon.colcon_core.package_identification:_identify(ros2_ws/src/ingestor_pkg) by extensions ['ignore', 'ignore_ament_install']
[0.202s] Level 1:colcon.colcon_core.package_identification:_identify(ros2_ws/src/ingestor_pkg) by extension 'ignore'
[0.202s] Level 1:colcon.colcon_core.package_identification:_identify(ros2_ws/src/ingestor_pkg) by extension 'ignore_ament_install'
[0.203s] Level 1:colcon.colcon_core.package_identification:_identify(ros2_ws/src/ingestor_pkg) by extensions ['colcon_pkg']
[0.203s] Level 1:colcon.colcon_core.package_identification:_identify(ros2_ws/src/ingestor_pkg) by extension 'colcon_pkg'
[0.203s] Level 1:colcon.colcon_core.package_identification:_identify(ros2_ws/src/ingestor_pkg) by extensions ['colcon_meta']
[0.203s] Level 1:colcon.colcon_core.package_identification:_identify(ros2_ws/src/ingestor_pkg) by extension 'colcon_meta'
[0.203s] Level 1:colcon.colcon_core.package_identification:_identify(ros2_ws/src/ingestor_pkg) by extensions ['ros']
[0.203s] Level 1:colcon.colcon_core.package_identification:_identify(ros2_ws/src/ingestor_pkg) by extension 'ros'
[0.204s] DEBUG:colcon.colcon_core.package_identification:Package 'ros2_ws/src/ingestor_pkg' with type 'ros.ament_cmake' and name 'ingestor_pkg'
[0.204s] Level 1:colcon.colcon_core.package_identification:_identify(ros2_ws/src/log_pkg) by extensions ['ignore', 'ignore_ament_install']
[0.204s] Level 1:colcon.colcon_core.package_identification:_identify(ros2_ws/src/log_pkg) by extension 'ignore'
[0.204s] Level 1:colcon.colcon_core.package_identification:_identify(ros2_ws/src/log_pkg) by extension 'ignore_ament_install'
[0.204s] Level 1:colcon.colcon_core.package_identification:_identify(ros2_ws/src/log_pkg) by extensions ['colcon_pkg']
[0.204s] Level 1:colcon.colcon_core.package_identification:_identify(ros2_ws/src/log_pkg) by extension 'colcon_pkg'
[0.204s] Level 1:colcon.colcon_core.package_identification:_identify(ros2_ws/src/log_pkg) by extensions ['colcon_meta']
[0.204s] Level 1:colcon.colcon_core.package_identification:_identify(ros2_ws/src/log_pkg) by extension 'colcon_meta'
[0.204s] Level 1:colcon.colcon_core.package_identification:_identify(ros2_ws/src/log_pkg) by extensions ['ros']
[0.204s] Level 1:colcon.colcon_core.package_identification:_identify(ros2_ws/src/log_pkg) by extension 'ros'
[0.205s] DEBUG:colcon.colcon_core.package_identification:Package 'ros2_ws/src/log_pkg' with type 'ros.ament_python' and name 'log_pkg'
[0.205s] Level 1:colcon.colcon_core.package_identification:_identify(ros2_ws/src/output_pkg) by extensions ['ignore', 'ignore_ament_install']
[0.205s] Level 1:colcon.colcon_core.package_identification:_identify(ros2_ws/src/output_pkg) by extension 'ignore'
[0.205s] Level 1:colcon.colcon_core.package_identification:_identify(ros2_ws/src/output_pkg) by extension 'ignore_ament_install'
[0.206s] Level 1:colcon.colcon_core.package_identification:_identify(ros2_ws/src/output_pkg) by extensions ['colcon_pkg']
[0.206s] Level 1:colcon.colcon_core.package_identification:_identify(ros2_ws/src/output_pkg) by extension 'colcon_pkg'
[0.206s] Level 1:colcon.colcon_core.package_identification:_identify(ros2_ws/src/output_pkg) by extensions ['colcon_meta']
[0.206s] Level 1:colcon.colcon_core.package_identification:_identify(ros2_ws/src/output_pkg) by extension 'colcon_meta'
[0.206s] Level 1:colcon.colcon_core.package_identification:_identify(ros2_ws/src/output_pkg) by extensions ['ros']
[0.206s] Level 1:colcon.colcon_core.package_identification:_identify(ros2_ws/src/output_pkg) by extension 'ros'
[0.206s] DEBUG:colcon.colcon_core.package_identification:Package 'ros2_ws/src/output_pkg' with type 'ros.ament_python' and name 'output_pkg'
[0.207s] Level 1:colcon.colcon_core.package_identification:_identify(ros2_ws/src/pipeline_interfaces) by extensions ['ignore', 'ignore_ament_install']
[0.207s] Level 1:colcon.colcon_core.package_identification:_identify(ros2_ws/src/pipeline_interfaces) by extension 'ignore'
[0.207s] Level 1:colcon.colcon_core.package_identification:_identify(ros2_ws/src/pipeline_interfaces) by extension 'ignore_ament_install'
[0.207s] Level 1:colcon.colcon_core.package_identification:_identify(ros2_ws/src/pipeline_interfaces) by extensions ['colcon_pkg']
[0.207s] Level 1:colcon.colcon_core.package_identification:_identify(ros2_ws/src/pipeline_interfaces) by extension 'colcon_pkg'
[0.207s] Level 1:colcon.colcon_core.package_identification:_identify(ros2_ws/src/pipeline_interfaces) by extensions ['colcon_meta']
[0.207s] Level 1:colcon.colcon_core.package_identification:_identify(ros2_ws/src/pipeline_interfaces) by extension 'colcon_meta'
[0.207s] Level 1:colcon.colcon_core.package_identification:_identify(ros2_ws/src/pipeline_interfaces) by extensions ['ros']
[0.207s] Level 1:colcon.colcon_core.package_identification:_identify(ros2_ws/src/pipeline_interfaces) by extension 'ros'
[0.208s] DEBUG:colcon.colcon_core.package_identification:Package 'ros2_ws/src/pipeline_interfaces' with type 'ros.ament_cmake' and name 'pipeline_interfaces'
[0.208s] Level 1:colcon.colcon_core.package_identification:_identify(ros2_ws/src/process_pkg) by extensions ['ignore', 'ignore_ament_install']
[0.208s] Level 1:colcon.colcon_core.package_identification:_identify(ros2_ws/src/process_pkg) by extension 'ignore'
[0.208s] Level 1:colcon.colcon_core.package_identification:_identify(ros2_ws/src/process_pkg) by extension 'ignore_ament_install'
[0.208s] Level 1:colcon.colcon_core.package_identification:_identify(ros2_ws/src/process_pkg) by extensions ['colcon_pkg']
[0.208s] Level 1:colcon.colcon_core.package_identification:_identify(ros2_ws/src/process_pkg) by extension 'colcon_pkg'
[0.208s] Level 1:colcon.colcon_core.package_identification:_identify(ros2_ws/src/process_pkg) by extensions ['colcon_meta']
[0.209s] Level 1:colcon.colcon_core.package_identification:_identify(ros2_ws/src/process_pkg) by extension 'colcon_meta'
[0.209s] Level 1:colcon.colcon_core.package_identification:_identify(ros2_ws/src/process_pkg) by extensions ['ros']
[0.209s] Level 1:colcon.colcon_core.package_identification:_identify(ros2_ws/src/process_pkg) by extension 'ros'
[0.209s] DEBUG:colcon.colcon_core.package_identification:Package 'ros2_ws/src/process_pkg' with type 'ros.ament_python' and name 'process_pkg'
[0.209s] Level 1:colcon.colcon_core.package_identification:_identify(server-load) by extensions ['ignore', 'ignore_ament_install']
[0.209s] Level 1:colcon.colcon_core.package_identification:_identify(server-load) by extension 'ignore'
[0.210s] Level 1:colcon.colcon_core.package_identification:_identify(server-load) by extension 'ignore_ament_install'
[0.210s] Level 1:colcon.colcon_core.package_identification:_identify(server-load) by extensions ['colcon_pkg']
[0.210s] Level 1:colcon.colcon_core.package_identification:_identify(server-load) by extension 'colcon_pkg'
[0.210s] Level 1:colcon.colcon_core.package_identification:_identify(server-load) by extensions ['colcon_meta']
[0.210s] Level 1:colcon.colcon_core.package_identification:_identify(server-load) by extension 'colcon_meta'
[0.210s] Level 1:colcon.colcon_core.package_identification:_identify(server-load) by extensions ['ros']
[0.210s] Level 1:colcon.colcon_core.package_identification:_identify(server-load) by extension 'ros'
[0.210s] Level 1:colcon.colcon_core.package_identification:_identify(server-load) by extensions ['cmake', 'python']
[0.210s] Level 1:colcon.colcon_core.package_identification:_identify(server-load) by extension 'cmake'
[0.210s] Level 1:colcon.colcon_core.package_identification:_identify(server-load) by extension 'python'
[0.210s] Level 1:colcon.colcon_core.package_identification:_identify(server-load) by extensions ['python_setup_py']
[0.210s] Level 1:colcon.colcon_core.package_identification:_identify(server-load) by extension 'python_setup_py'
[0.210s] Level 1:colcon.colcon_core.package_discovery:discover_packages(recursive) using defaults
[0.210s] Level 1:colcon.colcon_core.package_discovery:discover_packages(ignore) discover
[0.211s] Level 1:colcon.colcon_core.package_discovery:discover_packages(ignore) using defaults
[0.211s] Level 1:colcon.colcon_core.package_discovery:discover_packages(path) discover
[0.211s] Level 1:colcon.colcon_core.package_discovery:discover_packages(path) using defaults
[0.226s] INFO:colcon.colcon_core.package_selection:Skipping not selected package 'classify_pkg' in 'ros2_ws/src/classify_pkg'
[0.226s] INFO:colcon.colcon_core.package_selection:Skipping not selected package 'detect_pkg' in 'ros2_ws/src/detect_pkg'
[0.226s] INFO:colcon.colcon_core.package_selection:Skipping not selected package 'log_pkg' in 'ros2_ws/src/log_pkg'
[0.226s] INFO:colcon.colcon_core.package_selection:Skipping not selected package 'output_pkg' in 'ros2_ws/src/output_pkg'
[0.226s] INFO:colcon.colcon_core.package_selection:Skipping not selected package 'process_pkg' in 'ros2_ws/src/process_pkg'
[0.226s] INFO:colcon.colcon_core.package_selection:Skipping not selected package 'acoustic_sensor_pkg' in 'acoustic_sensor_pkg'
[0.226s] INFO:colcon.colcon_core.package_selection:Skipping not selected package 'ingestor_pkg' in 'ros2_ws/src/ingestor_pkg'
[0.227s] Level 5:colcon.colcon_core.verb:set package 'pipeline_interfaces' build argument 'cmake_args' from command line to 'None'
[0.227s] Level 5:colcon.colcon_core.verb:set package 'pipeline_interfaces' build argument 'cmake_target' from command line to 'None'
[0.227s] Level 5:colcon.colcon_core.verb:set package 'pipeline_interfaces' build argument 'cmake_target_skip_unavailable' from command line to 'False'
[0.227s] Level 5:colcon.colcon_core.verb:set package 'pipeline_interfaces' build argument 'cmake_clean_cache' from command line to 'False'
[0.227s] Level 5:colcon.colcon_core.verb:set package 'pipeline_interfaces' build argument 'cmake_clean_first' from command line to 'False'
[0.227s] Level 5:colcon.colcon_core.verb:set package 'pipeline_interfaces' build argument 'cmake_force_configure' from command line to 'False'
[0.227s] Level 5:colcon.colcon_core.verb:set package 'pipeline_interfaces' build argument 'ament_cmake_args' from command line to 'None'
[0.227s] Level 5:colcon.colcon_core.verb:set package 'pipeline_interfaces' build argument 'catkin_cmake_args' from command line to 'None'
[0.227s] Level 5:colcon.colcon_core.verb:set package 'pipeline_interfaces' build argument 'catkin_skip_building_tests' from command line to 'False'
[0.227s] DEBUG:colcon.colcon_core.verb:Building package 'pipeline_interfaces' with the following arguments: {'ament_cmake_args': None, 'build_base': '/workspaces/Dark_Circle/build/pipeline_interfaces', 'catkin_cmake_args': None, 'catkin_skip_building_tests': False, 'cmake_args': None, 'cmake_clean_cache': False, 'cmake_clean_first': False, 'cmake_force_configure': False, 'cmake_target': None, 'cmake_target_skip_unavailable': False, 'install_base': '/workspaces/Dark_Circle/install/pipeline_interfaces', 'merge_install': False, 'path': '/workspaces/Dark_Circle/ros2_ws/src/pipeline_interfaces', 'symlink_install': False, 'test_result_base': None}
[0.227s] INFO:colcon.colcon_core.executor:Executing jobs using 'parallel' executor
[0.230s] DEBUG:colcon.colcon_parallel_executor.executor.parallel:run_until_complete
[0.232s] INFO:colcon.colcon_ros.task.ament_cmake.build:Building ROS package in '/workspaces/Dark_Circle/ros2_ws/src/pipeline_interfaces' with build type 'ament_cmake'
[0.232s] INFO:colcon.colcon_cmake.task.cmake.build:Building CMake package in '/workspaces/Dark_Circle/ros2_ws/src/pipeline_interfaces'
[0.236s] INFO:colcon.colcon_core.plugin_system:Skipping extension 'colcon_core.shell.bat': Not used on non-Windows systems
[0.236s] INFO:colcon.colcon_core.shell:Skip shell extension 'powershell' for command environment: Not usable outside of PowerShell
[0.236s] DEBUG:colcon.colcon_core.shell:Skip shell extension 'dsv' for command environment
[0.282s] DEBUG:colcon.colcon_core.event_handler.log_command:Invoking command in '/workspaces/Dark_Circle/build/pipeline_interfaces': CMAKE_PREFIX_PATH=${CMAKE_PREFIX_PATH}:/opt/ros/jazzy /usr/bin/cmake /workspaces/Dark_Circle/ros2_ws/src/pipeline_interfaces -DCMAKE_INSTALL_PREFIX=/workspaces/Dark_Circle/install/pipeline_interfaces
[12.514s] DEBUG:colcon.colcon_core.event_handler.log_command:Invoked command in '/workspaces/Dark_Circle/build/pipeline_interfaces' returned '0': CMAKE_PREFIX_PATH=${CMAKE_PREFIX_PATH}:/opt/ros/jazzy /usr/bin/cmake /workspaces/Dark_Circle/ros2_ws/src/pipeline_interfaces -DCMAKE_INSTALL_PREFIX=/workspaces/Dark_Circle/install/pipeline_interfaces
[12.518s] DEBUG:colcon.colcon_core.event_handler.log_command:Invoking command in '/workspaces/Dark_Circle/build/pipeline_interfaces': CMAKE_PREFIX_PATH=${CMAKE_PREFIX_PATH}:/opt/ros/jazzy /usr/bin/cmake --build /workspaces/Dark_Circle/build/pipeline_interfaces -- -j12 -l12
[19.989s] DEBUG:colcon.colcon_core.event_handler.log_command:Invoked command in '/workspaces/Dark_Circle/build/pipeline_interfaces' returned '0': CMAKE_PREFIX_PATH=${CMAKE_PREFIX_PATH}:/opt/ros/jazzy /usr/bin/cmake --build /workspaces/Dark_Circle/build/pipeline_interfaces -- -j12 -l12
[20.052s] DEBUG:colcon.colcon_core.event_handler.log_command:Invoking command in '/workspaces/Dark_Circle/build/pipeline_interfaces': CMAKE_PREFIX_PATH=${CMAKE_PREFIX_PATH}:/opt/ros/jazzy /usr/bin/cmake --install /workspaces/Dark_Circle/build/pipeline_interfaces
[20.479s] Level 1:colcon.colcon_core.environment:create_environment_scripts_only(pipeline_interfaces)
[20.480s] DEBUG:colcon.colcon_core.event_handler.log_command:Invoked command in '/workspaces/Dark_Circle/build/pipeline_interfaces' returned '0': CMAKE_PREFIX_PATH=${CMAKE_PREFIX_PATH}:/opt/ros/jazzy /usr/bin/cmake --install /workspaces/Dark_Circle/build/pipeline_interfaces
[20.484s] Level 1:colcon.colcon_core.environment:checking '/workspaces/Dark_Circle/install/pipeline_interfaces' for CMake module files
[20.486s] Level 1:colcon.colcon_core.environment:checking '/workspaces/Dark_Circle/install/pipeline_interfaces' for CMake config files
[20.489s] Level 1:colcon.colcon_core.shell:create_environment_hook('pipeline_interfaces', 'cmake_prefix_path')
[20.490s] INFO:colcon.colcon_core.shell:Creating environment hook '/workspaces/Dark_Circle/install/pipeline_interfaces/share/pipeline_interfaces/hook/cmake_prefix_path.ps1'
[20.491s] INFO:colcon.colcon_core.shell:Creating environment descriptor '/workspaces/Dark_Circle/install/pipeline_interfaces/share/pipeline_interfaces/hook/cmake_prefix_path.dsv'
[20.492s] INFO:colcon.colcon_core.shell:Creating environment hook '/workspaces/Dark_Circle/install/pipeline_interfaces/share/pipeline_interfaces/hook/cmake_prefix_path.sh'
[20.493s] Level 1:colcon.colcon_core.environment:checking '/workspaces/Dark_Circle/install/pipeline_interfaces/lib'
[20.493s] Level 1:colcon.colcon_core.shell:create_environment_hook('pipeline_interfaces', 'ld_library_path_lib')
[20.494s] INFO:colcon.colcon_core.shell:Creating environment hook '/workspaces/Dark_Circle/install/pipeline_interfaces/share/pipeline_interfaces/hook/ld_library_path_lib.ps1'
[20.494s] INFO:colcon.colcon_core.shell:Creating environment descriptor '/workspaces/Dark_Circle/install/pipeline_interfaces/share/pipeline_interfaces/hook/ld_library_path_lib.dsv'
[20.495s] INFO:colcon.colcon_core.shell:Creating environment hook '/workspaces/Dark_Circle/install/pipeline_interfaces/share/pipeline_interfaces/hook/ld_library_path_lib.sh'
[20.495s] Level 1:colcon.colcon_core.environment:checking '/workspaces/Dark_Circle/install/pipeline_interfaces/bin'
[20.495s] Level 1:colcon.colcon_core.environment:checking '/workspaces/Dark_Circle/install/pipeline_interfaces/lib/pkgconfig/pipeline_interfaces.pc'
[20.497s] Level 1:colcon.colcon_core.environment:checking '/workspaces/Dark_Circle/install/pipeline_interfaces/lib/python3.12/site-packages'
[20.497s] Level 1:colcon.colcon_core.shell:create_environment_hook('pipeline_interfaces', 'pythonpath')
[20.497s] INFO:colcon.colcon_core.shell:Creating environment hook '/workspaces/Dark_Circle/install/pipeline_interfaces/share/pipeline_interfaces/hook/pythonpath.ps1'
[20.497s] INFO:colcon.colcon_core.shell:Creating environment descriptor '/workspaces/Dark_Circle/install/pipeline_interfaces/share/pipeline_interfaces/hook/pythonpath.dsv'
[20.498s] INFO:colcon.colcon_core.shell:Creating environment hook '/workspaces/Dark_Circle/install/pipeline_interfaces/share/pipeline_interfaces/hook/pythonpath.sh'
[20.498s] Level 1:colcon.colcon_core.environment:checking '/workspaces/Dark_Circle/install/pipeline_interfaces/bin'
[20.499s] INFO:colcon.colcon_core.shell:Creating package script '/workspaces/Dark_Circle/install/pipeline_interfaces/share/pipeline_interfaces/package.ps1'
[20.500s] INFO:colcon.colcon_core.shell:Creating package descriptor '/workspaces/Dark_Circle/install/pipeline_interfaces/share/pipeline_interfaces/package.dsv'
[20.501s] INFO:colcon.colcon_core.shell:Creating package script '/workspaces/Dark_Circle/install/pipeline_interfaces/share/pipeline_interfaces/package.sh'
[20.502s] INFO:colcon.colcon_core.shell:Creating package script '/workspaces/Dark_Circle/install/pipeline_interfaces/share/pipeline_interfaces/package.bash'
[20.502s] INFO:colcon.colcon_core.shell:Creating package script '/workspaces/Dark_Circle/install/pipeline_interfaces/share/pipeline_interfaces/package.zsh'
[20.503s] Level 1:colcon.colcon_core.environment:create_file_with_runtime_dependencies(/workspaces/Dark_Circle/install/pipeline_interfaces/share/colcon-core/packages/pipeline_interfaces)
[20.505s] Level 1:colcon.colcon_core.environment:create_environment_scripts_only(pipeline_interfaces)
[20.505s] Level 1:colcon.colcon_core.environment:checking '/workspaces/Dark_Circle/install/pipeline_interfaces' for CMake module files
[20.507s] Level 1:colcon.colcon_core.environment:checking '/workspaces/Dark_Circle/install/pipeline_interfaces' for CMake config files
[20.510s] Level 1:colcon.colcon_core.shell:create_environment_hook('pipeline_interfaces', 'cmake_prefix_path')
[20.510s] INFO:colcon.colcon_core.shell:Creating environment hook '/workspaces/Dark_Circle/install/pipeline_interfaces/share/pipeline_interfaces/hook/cmake_prefix_path.ps1'
[20.510s] INFO:colcon.colcon_core.shell:Creating environment descriptor '/workspaces/Dark_Circle/install/pipeline_interfaces/share/pipeline_interfaces/hook/cmake_prefix_path.dsv'
[20.511s] INFO:colcon.colcon_core.shell:Creating environment hook '/workspaces/Dark_Circle/install/pipeline_interfaces/share/pipeline_interfaces/hook/cmake_prefix_path.sh'
[20.512s] Level 1:colcon.colcon_core.environment:checking '/workspaces/Dark_Circle/install/pipeline_interfaces/lib'
[20.512s] Level 1:colcon.colcon_core.shell:create_environment_hook('pipeline_interfaces', 'ld_library_path_lib')
[20.512s] INFO:colcon.colcon_core.shell:Creating environment hook '/workspaces/Dark_Circle/install/pipeline_interfaces/share/pipeline_interfaces/hook/ld_library_path_lib.ps1'
[20.513s] INFO:colcon.colcon_core.shell:Creating environment descriptor '/workspaces/Dark_Circle/install/pipeline_interfaces/share/pipeline_interfaces/hook/ld_library_path_lib.dsv'
[20.514s] INFO:colcon.colcon_core.shell:Creating environment hook '/workspaces/Dark_Circle/install/pipeline_interfaces/share/pipeline_interfaces/hook/ld_library_path_lib.sh'
[20.515s] Level 1:colcon.colcon_core.environment:checking '/workspaces/Dark_Circle/install/pipeline_interfaces/bin'
[20.515s] Level 1:colcon.colcon_core.environment:checking '/workspaces/Dark_Circle/install/pipeline_interfaces/lib/pkgconfig/pipeline_interfaces.pc'
[20.515s] Level 1:colcon.colcon_core.environment:checking '/workspaces/Dark_Circle/install/pipeline_interfaces/lib/python3.12/site-packages'
[20.515s] Level 1:colcon.colcon_core.shell:create_environment_hook('pipeline_interfaces', 'pythonpath')
[20.515s] INFO:colcon.colcon_core.shell:Creating environment hook '/workspaces/Dark_Circle/install/pipeline_interfaces/share/pipeline_interfaces/hook/pythonpath.ps1'
[20.516s] INFO:colcon.colcon_core.shell:Creating environment descriptor '/workspaces/Dark_Circle/install/pipeline_interfaces/share/pipeline_interfaces/hook/pythonpath.dsv'
[20.516s] INFO:colcon.colcon_core.shell:Creating environment hook '/workspaces/Dark_Circle/install/pipeline_interfaces/share/pipeline_interfaces/hook/pythonpath.sh'
[20.517s] Level 1:colcon.colcon_core.environment:checking '/workspaces/Dark_Circle/install/pipeline_interfaces/bin'
[20.517s] INFO:colcon.colcon_core.shell:Creating package script '/workspaces/Dark_Circle/install/pipeline_interfaces/share/pipeline_interfaces/package.ps1'
[20.517s] INFO:colcon.colcon_core.shell:Creating package descriptor '/workspaces/Dark_Circle/install/pipeline_interfaces/share/pipeline_interfaces/package.dsv'
[20.518s] INFO:colcon.colcon_core.shell:Creating package script '/workspaces/Dark_Circle/install/pipeline_interfaces/share/pipeline_interfaces/package.sh'
[20.518s] INFO:colcon.colcon_core.shell:Creating package script '/workspaces/Dark_Circle/install/pipeline_interfaces/share/pipeline_interfaces/package.bash'
[20.519s] INFO:colcon.colcon_core.shell:Creating package script '/workspaces/Dark_Circle/install/pipeline_interfaces/share/pipeline_interfaces/package.zsh'
[20.519s] Level 1:colcon.colcon_core.environment:create_file_with_runtime_dependencies(/workspaces/Dark_Circle/install/pipeline_interfaces/share/colcon-core/packages/pipeline_interfaces)
[20.520s] DEBUG:colcon.colcon_parallel_executor.executor.parallel:closing loop
[20.520s] DEBUG:colcon.colcon_parallel_executor.executor.parallel:loop closed
[20.521s] DEBUG:colcon.colcon_parallel_executor.executor.parallel:run_until_complete finished with '0'
[20.521s] DEBUG:colcon.colcon_core.event_reactor:joining thread
[20.529s] INFO:colcon.colcon_core.plugin_system:Skipping extension 'colcon_notification.desktop_notification.notify_send': Could not find 'notify-send'
[20.529s] INFO:colcon.colcon_core.plugin_system:Skipping extension 'colcon_notification.desktop_notification.terminal_notifier': Not used on non-Darwin systems
[20.529s] INFO:colcon.colcon_core.plugin_system:Skipping extension 'colcon_notification.desktop_notification.win32': Not used on non-Windows systems
[20.529s] INFO:colcon.colcon_notification.desktop_notification:Sending desktop notification using 'notify2'
[20.531s] DEBUG:colcon.colcon_notification.desktop_notification.notify2:Failed to initialize notify2: org.freedesktop.DBus.Error.NotSupported: Unable to autolaunch a dbus-daemon without a $DISPLAY for X11
[20.531s] DEBUG:colcon.colcon_core.event_reactor:joined thread
[20.531s] INFO:colcon.colcon_core.shell:Creating prefix script '/workspaces/Dark_Circle/install/local_setup.ps1'
[20.532s] INFO:colcon.colcon_core.shell:Creating prefix util module '/workspaces/Dark_Circle/install/_local_setup_util_ps1.py'
[20.534s] INFO:colcon.colcon_core.shell:Creating prefix chain script '/workspaces/Dark_Circle/install/setup.ps1'
[20.535s] INFO:colcon.colcon_core.shell:Creating prefix script '/workspaces/Dark_Circle/install/local_setup.sh'
[20.536s] INFO:colcon.colcon_core.shell:Creating prefix util module '/workspaces/Dark_Circle/install/_local_setup_util_sh.py'
[20.537s] INFO:colcon.colcon_core.shell:Creating prefix chain script '/workspaces/Dark_Circle/install/setup.sh'
[20.538s] INFO:colcon.colcon_core.shell:Creating prefix script '/workspaces/Dark_Circle/install/local_setup.bash'
[20.539s] INFO:colcon.colcon_core.shell:Creating prefix chain script '/workspaces/Dark_Circle/install/setup.bash'
[20.540s] INFO:colcon.colcon_core.shell:Creating prefix script '/workspaces/Dark_Circle/install/local_setup.zsh'
[20.541s] INFO:colcon.colcon_core.shell:Creating prefix chain script '/workspaces/Dark_Circle/install/setup.zsh'
