[0.916s] Invoking command in '/workspaces/Dark_Circle/build/sc_sensor_pkg': PYTHONPATH=/workspaces/Dark_Circle/build/sc_sensor_pkg/prefix_override:/usr/lib/python3/dist-packages/colcon_core/task/python/colcon_distutils_commands:/workspaces/Dark_Circle/install/sc_sensor_pkg/lib/python3.12/site-packages:${PYTHONPATH} /usr/bin/python3 -W ignore:setup.py install is deprecated -W ignore:easy_install command is deprecated setup.py develop --editable --build-directory /workspaces/Dark_Circle/build/sc_sensor_pkg/build --no-deps symlink_data
[1.314s] running develop
[1.449s] running egg_info
[1.451s] creating sc_sensor_pkg.egg-info
[1.467s] writing sc_sensor_pkg.egg-info/PKG-INFO
[1.468s] writing dependency_links to sc_sensor_pkg.egg-info/dependency_links.txt
[1.469s] writing entry points to sc_sensor_pkg.egg-info/entry_points.txt
[1.470s] writing requirements to sc_sensor_pkg.egg-info/requires.txt
[1.471s] writing top-level names to sc_sensor_pkg.egg-info/top_level.txt
[1.471s] writing manifest file 'sc_sensor_pkg.egg-info/SOURCES.txt'
[1.504s] reading manifest file 'sc_sensor_pkg.egg-info/SOURCES.txt'
[1.506s] writing manifest file 'sc_sensor_pkg.egg-info/SOURCES.txt'
[1.522s] running build_ext
[1.523s] Creating /workspaces/Dark_Circle/install/sc_sensor_pkg/lib/python3.12/site-packages/sc-sensor-pkg.egg-link (link to .)
[1.525s] Installing sc_sensor_node script to /workspaces/Dark_Circle/install/sc_sensor_pkg/lib/sc_sensor_pkg
[1.526s] 
[1.527s] Installed /workspaces/Dark_Circle/build/sc_sensor_pkg
[1.528s] running symlink_data
[1.528s] creating /workspaces/Dark_Circle/install/sc_sensor_pkg/share/ament_index
[1.528s] creating /workspaces/Dark_Circle/install/sc_sensor_pkg/share/ament_index/resource_index
[1.530s] creating /workspaces/Dark_Circle/install/sc_sensor_pkg/share/ament_index/resource_index/packages
[1.530s] symbolically linking /workspaces/Dark_Circle/build/sc_sensor_pkg/resource/sc_sensor_pkg -> /workspaces/Dark_Circle/install/sc_sensor_pkg/share/ament_index/resource_index/packages
[1.531s] symbolically linking /workspaces/Dark_Circle/build/sc_sensor_pkg/package.xml -> /workspaces/Dark_Circle/install/sc_sensor_pkg/share/sc_sensor_pkg
[1.560s] Invoked command in '/workspaces/Dark_Circle/build/sc_sensor_pkg' returned '0': PYTHONPATH=/workspaces/Dark_Circle/build/sc_sensor_pkg/prefix_override:/usr/lib/python3/dist-packages/colcon_core/task/python/colcon_distutils_commands:/workspaces/Dark_Circle/install/sc_sensor_pkg/lib/python3.12/site-packages:${PYTHONPATH} /usr/bin/python3 -W ignore:setup.py install is deprecated -W ignore:easy_install command is deprecated setup.py develop --editable --build-directory /workspaces/Dark_Circle/build/sc_sensor_pkg/build --no-deps symlink_data
